g++ -c -pipe -O2 -Wall -W -D_REENTRANT -fPIE -DQT_NO_DEBUG -DQT_WEBKITWIDGETS_LIB -DQT_QUICK_LIB -DQT_OPENGL_LIB -DQT_PRINTSUPPORT_LIB -DQT_QML_LIB -DQT_WEBKIT_LIB -DQT_WIDGETS_LIB -DQT_SCRIPT_LIB -DQT_POSITIONING_LIB -DQT_SENSORS_LIB -DQT_NETWORK_LIB -DQT_GUI_LIB -DQT_CORE_LIB -I../Qt5.2.1/5.2.1/gcc/mkspecs/linux-g++ -I. -I. -Ilib_json/include/json -Ilib_json/include -Ilib_json -I../Qt5.2.1/5.2.1/gcc/include -I../Qt5.2.1/5.2.1/gcc/include/QtWebKitWidgets -I../Qt5.2.1/5.2.1/gcc/include/QtQuick -I../Qt5.2.1/5.2.1/gcc/include/QtOpenGL -I../Qt5.2.1/5.2.1/gcc/include/QtPrintSupport -I../Qt5.2.1/5.2.1/gcc/include/QtQml -I../Qt5.2.1/5.2.1/gcc/include/QtWebKit -I../Qt5.2.1/5.2.1/gcc/include/QtWidgets -I../Qt5.2.1/5.2.1/gcc/include/QtScript -I../Qt5.2.1/5.2.1/gcc/include/QtPositioning -I../Qt5.2.1/5.2.1/gcc/include/QtSensors -I../Qt5.2.1/5.2.1/gcc/include/QtNetwork -I../Qt5.2.1/5.2.1/gcc/include/QtGui -I../Qt5.2.1/5.2.1/gcc/include/QtCore -I. -I. -o FBApi.o FBApi.cpp
In file included from ../Qt5.2.1/5.2.1/gcc/include/QtCore/qarraydata.h:46:0,
                 from ../Qt5.2.1/5.2.1/gcc/include/QtCore/qbytearray.h:47,
                 from ../Qt5.2.1/5.2.1/gcc/include/QtCore/qstring.h:46,
                 from ../Qt5.2.1/5.2.1/gcc/include/QtCore/qobject.h:49,
                 from ../Qt5.2.1/5.2.1/gcc/include/QtCore/qabstractanimation.h:45,
                 from ../Qt5.2.1/5.2.1/gcc/include/QtCore/QtCore:4,
                 from ../Qt5.2.1/5.2.1/gcc/include/QtGui/QtGuiDepends:2,
                 from ../Qt5.2.1/5.2.1/gcc/include/QtGui/QtGui:3,
                 from FBApi.h:12,
                 from FBApi.cpp:8:
/usr/include/string.h:37:42: error: missing binary operator before token "("
In file included from /usr/include/c++/4.6/cwchar:46:0,
                 from /usr/include/c++/4.6/bits/postypes.h:42,
                 from /usr/include/c++/4.6/bits/char_traits.h:42,
                 from /usr/include/c++/4.6/string:42,
                 from ../Qt5.2.1/5.2.1/gcc/include/QtCore/qstring.h:50,
                 from ../Qt5.2.1/5.2.1/gcc/include/QtCore/qobject.h:49,
                 from ../Qt5.2.1/5.2.1/gcc/include/QtCore/qabstractanimation.h:45,
                 from ../Qt5.2.1/5.2.1/gcc/include/QtCore/QtCore:4,
                 from ../Qt5.2.1/5.2.1/gcc/include/QtGui/QtGuiDepends:2,
                 from ../Qt5.2.1/5.2.1/gcc/include/QtGui/QtGui:3,
                 from FBApi.h:12,
                 from FBApi.cpp:8:
/usr/include/wchar.h:75:43: error: missing binary operator before token "("
In file included from /usr/include/sched.h:43:0,
                 from /usr/include/pthread.h:25,
                 from /usr/include/c++/4.6/i686-linux-gnu/./bits/gthr-default.h:41,
                 from /usr/include/c++/4.6/i686-linux-gnu/./bits/gthr.h:170,
                 from /usr/include/c++/4.6/ext/atomicity.h:34,
                 from /usr/include/c++/4.6/bits/basic_string.h:41,
                 from /usr/include/c++/4.6/string:54,
                 from ../Qt5.2.1/5.2.1/gcc/include/QtCore/qstring.h:50,
                 from ../Qt5.2.1/5.2.1/gcc/include/QtCore/qobject.h:49,
                 from ../Qt5.2.1/5.2.1/gcc/include/QtCore/qabstractanimation.h:45,
                 from ../Qt5.2.1/5.2.1/gcc/include/QtCore/QtCore:4,
                 from ../Qt5.2.1/5.2.1/gcc/include/QtGui/QtGuiDepends:2,
                 from ../Qt5.2.1/5.2.1/gcc/include/QtGui/QtGui:3,
                 from FBApi.h:12,
                 from FBApi.cpp:8:
/usr/include/i386-linux-gnu/bits/sched.h:133:20: error: missing binary operator before token "("
/usr/include/i386-linux-gnu/bits/sched.h:171:20: error: missing binary operator before token "("
In file included from /usr/include/libio.h:62:0,
                 from /usr/include/stdio.h:75,
                 from ../Qt5.2.1/5.2.1/gcc/include/QtCore/qtextstream.h:51,
                 from ../Qt5.2.1/5.2.1/gcc/include/QtCore/qdebug.h:50,
                 from ../Qt5.2.1/5.2.1/gcc/include/QtCore/QtCore:28,
                 from ../Qt5.2.1/5.2.1/gcc/include/QtGui/QtGuiDepends:2,
                 from ../Qt5.2.1/5.2.1/gcc/include/QtGui/QtGui:3,
                 from FBApi.h:12,
                 from FBApi.cpp:8:
/usr/include/i386-linux-gnu/sys/cdefs.h:43:20: error: missing binary operator before token "("
/usr/include/i386-linux-gnu/sys/cdefs.h:56:44: error: missing binary operator before token "("
/usr/include/i386-linux-gnu/sys/cdefs.h:61:44: error: missing binary operator before token "("
/usr/include/i386-linux-gnu/sys/cdefs.h:149:19: error: missing binary operator before token "("
/usr/include/i386-linux-gnu/sys/cdefs.h:162:19: error: missing binary operator before token "("
/usr/include/i386-linux-gnu/sys/cdefs.h:224:19: error: missing binary operator before token "("
/usr/include/i386-linux-gnu/sys/cdefs.h:233:19: error: missing binary operator before token "("
/usr/include/i386-linux-gnu/sys/cdefs.h:240:19: error: missing binary operator before token "("
/usr/include/i386-linux-gnu/sys/cdefs.h:249:19: error: missing binary operator before token "("
/usr/include/i386-linux-gnu/sys/cdefs.h:258:19: error: missing binary operator before token "("
/usr/include/i386-linux-gnu/sys/cdefs.h:270:19: error: missing binary operator before token "("
/usr/include/i386-linux-gnu/sys/cdefs.h:280:19: error: missing binary operator before token "("
/usr/include/i386-linux-gnu/sys/cdefs.h:289:19: error: missing binary operator before token "("
/usr/include/i386-linux-gnu/sys/cdefs.h:297:19: error: missing binary operator before token "("
/usr/include/i386-linux-gnu/sys/cdefs.h:311:19: error: missing binary operator before token "("
/usr/include/i386-linux-gnu/sys/cdefs.h:319:43: error: missing binary operator before token "("
/usr/include/i386-linux-gnu/sys/cdefs.h:342:19: error: missing binary operator before token "("
/usr/include/i386-linux-gnu/sys/cdefs.h:351:20: error: missing binary operator before token "("
/usr/include/i386-linux-gnu/sys/cdefs.h:356:20: error: missing binary operator before token "("
/usr/include/i386-linux-gnu/sys/cdefs.h:363:19: error: missing binary operator before token "("
In file included from /usr/include/math.h:34:0,
                 from ../Qt5.2.1/5.2.1/gcc/include/QtCore/qmath.h:49,
                 from ../Qt5.2.1/5.2.1/gcc/include/QtCore/QtCore:65,
                 from ../Qt5.2.1/5.2.1/gcc/include/QtGui/QtGuiDepends:2,
                 from ../Qt5.2.1/5.2.1/gcc/include/QtGui/QtGui:3,
                 from FBApi.h:12,
                 from FBApi.cpp:8:
/usr/include/i386-linux-gnu/bits/huge_val.h:28:18: error: missing binary operator before token "("
/usr/include/i386-linux-gnu/bits/huge_val.h:30:20: error: missing binary operator before token "("
In file included from ../Qt5.2.1/5.2.1/gcc/include/QtCore/qmath.h:49:0,
                 from ../Qt5.2.1/5.2.1/gcc/include/QtCore/QtCore:65,
                 from ../Qt5.2.1/5.2.1/gcc/include/QtGui/QtGuiDepends:2,
                 from ../Qt5.2.1/5.2.1/gcc/include/QtGui/QtGui:3,
                 from FBApi.h:12,
                 from FBApi.cpp:8:
/usr/include/math.h:404:42: error: missing binary operator before token "("
In file included from /usr/include/c++/4.6/cstdlib:66:0,
                 from /usr/include/c++/4.6/bits/stl_algo.h:61,
                 from /usr/include/c++/4.6/algorithm:63,
                 from ../Qt5.2.1/5.2.1/gcc/include/QtCore/qglobal.h:82,
                 from ../Qt5.2.1/5.2.1/gcc/include/QtCore/qnamespace.h:45,
                 from ../Qt5.2.1/5.2.1/gcc/include/QtCore/qobjectdefs.h:45,
                 from ../Qt5.2.1/5.2.1/gcc/include/QtCore/qobject.h:48,
                 from ../Qt5.2.1/5.2.1/gcc/include/QtCore/qabstractanimation.h:45,
                 from ../Qt5.2.1/5.2.1/gcc/include/QtCore/QtCore:4,
                 from ../Qt5.2.1/5.2.1/gcc/include/QtGui/QtGuiDepends:2,
                 from ../Qt5.2.1/5.2.1/gcc/include/QtGui/QtGui:3,
                 from FBApi.h:12,
                 from FBApi.cpp:8:
/usr/include/stdlib.h:35:1: error: ‘__BEGIN_DECLS’ does not name a type
/usr/include/stdlib.h:102:5: error: ‘div_t’ does not name a type
/usr/include/stdlib.h:113:1: error: ‘__END_NAMESPACE_STD’ does not name a type
/usr/include/stdlib.h:143:1: error: ‘__BEGIN_NAMESPACE_STD’ does not name a type
/usr/include/stdlib.h:149:6: error: expected initializer before ‘__THROW’
/usr/include/stdlib.h:152:6: error: expected initializer before ‘__THROW’
/usr/include/stdlib.h:153:1: error: ‘__END_NAMESPACE_STD’ does not name a type
/usr/include/stdlib.h:168:1: error: ‘__END_NAMESPACE_STD’ does not name a type
/usr/include/stdlib.h:190:6: error: expected initializer before ‘__THROW’
/usr/include/stdlib.h:191:1: error: ‘__END_NAMESPACE_STD’ does not name a type
/usr/include/stdlib.h:382:41: error: expected initializer before ‘__THROW’
/usr/include/stdlib.h:383:1: error: ‘__END_NAMESPACE_STD’ does not name a type
/usr/include/stdlib.h:474:6: error: expected initializer before ‘__THROW’
/usr/include/stdlib.h:475:1: error: ‘__END_NAMESPACE_STD’ does not name a type
/usr/include/stdlib.h:488:32: error: expected initializer before ‘__THROW’
/usr/include/stdlib.h:489:1: error: ‘__END_NAMESPACE_STD’ does not name a type
/usr/include/stdlib.h:518:43: error: expected initializer before ‘__THROW’
/usr/include/stdlib.h:531:1: error: ‘__END_NAMESPACE_STD’ does not name a type
/usr/include/stdlib.h:554:1: error: ‘__END_NAMESPACE_STD’ does not name a type
/usr/include/stdlib.h:568:1: error: ‘__END_NAMESPACE_STD’ does not name a type
/usr/include/stdlib.h:712:1: error: ‘__BEGIN_NAMESPACE_STD’ does not name a type
/usr/include/stdlib.h:718:1: error: ‘__END_NAMESPACE_STD’ does not name a type
/usr/include/stdlib.h:752:1: error: ‘__BEGIN_NAMESPACE_STD’ does not name a type
/usr/include/stdlib.h:762:6: error: ‘__compar_fn_t’ has not been declared
/usr/include/stdlib.h:762:30: error: expected initializer before ‘__nonnull’
/usr/include/stdlib.h:771:26: error: expected initializer before ‘__THROW’
/usr/include/stdlib.h:772:37: error: expected initializer before ‘__THROW’
/usr/include/stdlib.h:773:1: error: ‘__END_NAMESPACE_STD’ does not name a type
/usr/include/stdlib.h:788:6: error: expected initializer before ‘__THROW’
/usr/include/stdlib.h:789:1: error: ‘__END_NAMESPACE_STD’ does not name a type
/usr/include/stdlib.h:864:48: error: expected initializer before ‘__THROW’
/usr/include/stdlib.h:867:48: error: expected initializer before ‘__THROW’
/usr/include/stdlib.h:872:46: error: expected initializer before ‘__THROW’
/usr/include/stdlib.h:876:6: error: expected initializer before ‘__THROW’
/usr/include/stdlib.h:877:1: error: ‘__END_NAMESPACE_STD’ does not name a type
In file included from /usr/include/c++/4.6/bits/stl_algo.h:61:0,
                 from /usr/include/c++/4.6/algorithm:63,
                 from ../Qt5.2.1/5.2.1/gcc/include/QtCore/qglobal.h:82,
                 from ../Qt5.2.1/5.2.1/gcc/include/QtCore/qnamespace.h:45,
                 from ../Qt5.2.1/5.2.1/gcc/include/QtCore/qobjectdefs.h:45,
                 from ../Qt5.2.1/5.2.1/gcc/include/QtCore/qobject.h:48,
                 from ../Qt5.2.1/5.2.1/gcc/include/QtCore/qabstractanimation.h:45,
                 from ../Qt5.2.1/5.2.1/gcc/include/QtCore/QtCore:4,
                 from ../Qt5.2.1/5.2.1/gcc/include/QtGui/QtGuiDepends:2,
                 from ../Qt5.2.1/5.2.1/gcc/include/QtGui/QtGui:3,
                 from FBApi.h:12,
                 from FBApi.cpp:8:
/usr/include/c++/4.6/cstdlib:163:11: error: ‘::lldiv_t’ has not been declared
/usr/include/c++/4.6/cstdlib:169:11: error: ‘::_Exit’ has not been declared
/usr/include/c++/4.6/cstdlib:176:11: error: ‘::llabs’ has not been declared
/usr/include/c++/4.6/cstdlib:178:10: error: ‘lldiv_t’ does not name a type
/usr/include/c++/4.6/cstdlib:182:11: error: ‘::lldiv’ has not been declared
/usr/include/c++/4.6/cstdlib:193:11: error: ‘::atoll’ has not been declared
/usr/include/c++/4.6/cstdlib:194:11: error: ‘::strtoll’ has not been declared
/usr/include/c++/4.6/cstdlib:195:11: error: ‘::strtoull’ has not been declared
/usr/include/c++/4.6/cstdlib:197:11: error: ‘::strtof’ has not been declared
/usr/include/c++/4.6/cstdlib:198:11: error: ‘::strtold’ has not been declared
/usr/include/c++/4.6/cstdlib:206:22: error: ‘__gnu_cxx::lldiv_t’ has not been declared
/usr/include/c++/4.6/cstdlib:208:22: error: ‘__gnu_cxx::_Exit’ has not been declared
/usr/include/c++/4.6/cstdlib:211:22: error: ‘__gnu_cxx::llabs’ has not been declared
/usr/include/c++/4.6/cstdlib:212:22: error: ‘__gnu_cxx::div’ has not been declared
/usr/include/c++/4.6/cstdlib:213:22: error: ‘__gnu_cxx::lldiv’ has not been declared
/usr/include/c++/4.6/cstdlib:215:22: error: ‘__gnu_cxx::atoll’ has not been declared
/usr/include/c++/4.6/cstdlib:216:22: error: ‘__gnu_cxx::strtof’ has not been declared
/usr/include/c++/4.6/cstdlib:217:22: error: ‘__gnu_cxx::strtoll’ has not been declared
/usr/include/c++/4.6/cstdlib:218:22: error: ‘__gnu_cxx::strtoull’ has not been declared
/usr/include/c++/4.6/cstdlib:219:22: error: ‘__gnu_cxx::strtold’ has not been declared
In file included from /usr/include/c++/4.6/algorithm:63:0,
                 from ../Qt5.2.1/5.2.1/gcc/include/QtCore/qglobal.h:82,
                 from ../Qt5.2.1/5.2.1/gcc/include/QtCore/qnamespace.h:45,
                 from ../Qt5.2.1/5.2.1/gcc/include/QtCore/qobjectdefs.h:45,
                 from ../Qt5.2.1/5.2.1/gcc/include/QtCore/qobject.h:48,
                 from ../Qt5.2.1/5.2.1/gcc/include/QtCore/qabstractanimation.h:45,
                 from ../Qt5.2.1/5.2.1/gcc/include/QtCore/QtCore:4,
                 from ../Qt5.2.1/5.2.1/gcc/include/QtGui/QtGuiDepends:2,
                 from ../Qt5.2.1/5.2.1/gcc/include/QtGui/QtGui:3,
                 from FBApi.h:12,
                 from FBApi.cpp:8:
/usr/include/c++/4.6/bits/stl_algo.h: In function ‘void std::random_shuffle(_RAIter, _RAIter)’:
/usr/include/c++/4.6/bits/stl_algo.h:5151:35: error: ‘rand’ is not a member of ‘std’
In file included from ../Qt5.2.1/5.2.1/gcc/include/QtCore/qarraydata.h:46:0,
                 from ../Qt5.2.1/5.2.1/gcc/include/QtCore/qbytearray.h:47,
                 from ../Qt5.2.1/5.2.1/gcc/include/QtCore/qstring.h:46,
                 from ../Qt5.2.1/5.2.1/gcc/include/QtCore/qobject.h:49,
                 from ../Qt5.2.1/5.2.1/gcc/include/QtCore/qabstractanimation.h:45,
                 from ../Qt5.2.1/5.2.1/gcc/include/QtCore/QtCore:4,
                 from ../Qt5.2.1/5.2.1/gcc/include/QtGui/QtGuiDepends:2,
                 from ../Qt5.2.1/5.2.1/gcc/include/QtGui/QtGui:3,
                 from FBApi.h:12,
                 from FBApi.cpp:8:
/usr/include/string.h: At global scope:
/usr/include/string.h:29:1: error: ‘__BEGIN_DECLS’ does not name a type
In file included from ../Qt5.2.1/5.2.1/gcc/include/QtCore/qarraydata.h:46:0,
                 from ../Qt5.2.1/5.2.1/gcc/include/QtCore/qbytearray.h:47,
                 from ../Qt5.2.1/5.2.1/gcc/include/QtCore/qstring.h:46,
                 from ../Qt5.2.1/5.2.1/gcc/include/QtCore/qobject.h:49,
                 from ../Qt5.2.1/5.2.1/gcc/include/QtCore/qabstractanimation.h:45,
                 from ../Qt5.2.1/5.2.1/gcc/include/QtCore/QtCore:4,
                 from ../Qt5.2.1/5.2.1/gcc/include/QtGui/QtGuiDepends:2,
                 from ../Qt5.2.1/5.2.1/gcc/include/QtGui/QtGui:3,
                 from FBApi.h:12,
                 from FBApi.cpp:8:
/usr/include/string.h:50:6: error: expected initializer before ‘__THROW’
/usr/include/string.h:51:1: error: ‘__END_NAMESPACE_STD’ does not name a type
/usr/include/string.h:69:6: error: expected initializer before ‘__THROW’
/usr/include/string.h:96:7: error: expected initializer before ‘__THROW’
/usr/include/string.h:98:1: error: ‘__END_NAMESPACE_STD’ does not name a type
/usr/include/string.h:133:6: error: expected initializer before ‘__THROW’
/usr/include/string.h:137:6: error: expected initializer before ‘__THROW’
/usr/include/string.h:140:21: error: expected initializer before ‘__THROW’
/usr/include/string.h:144:6: error: expected initializer before ‘__THROW’
/usr/include/string.h:147:6: error: expected initializer before ‘__THROW’
/usr/include/string.h:151:6: error: expected initializer before ‘__THROW’
/usr/include/string.h:155:6: error: expected initializer before ‘__THROW’
/usr/include/string.h:156:1: error: ‘__END_NAMESPACE_STD’ does not name a type
/usr/include/string.h:263:6: error: expected initializer before ‘__THROW’
/usr/include/string.h:265:1: error: ‘__END_NAMESPACE_STD’ does not name a type
/usr/include/string.h:289:6: error: expected initializer before ‘__THROW’
/usr/include/string.h:315:6: error: expected initializer before ‘__THROW’
/usr/include/string.h:343:6: error: expected initializer before ‘__THROW’
/usr/include/string.h:349:6: error: expected initializer before ‘__THROW’
/usr/include/string.h:350:1: error: ‘__END_NAMESPACE_STD’ does not name a type
/usr/include/string.h:397:1: error: ‘__BEGIN_NAMESPACE_STD’ does not name a type
/usr/include/string.h:401:1: error: ‘__END_NAMESPACE_STD’ does not name a type
/usr/include/string.h:414:1: error: ‘__END_NAMESPACE_STD’ does not name a type
/usr/include/string.h:646:1: error: ‘__END_DECLS’ does not name a type
In file included from ../Qt5.2.1/5.2.1/gcc/include/QtCore/qbytearray.h:47:0,
                 from ../Qt5.2.1/5.2.1/gcc/include/QtCore/qstring.h:46,
                 from ../Qt5.2.1/5.2.1/gcc/include/QtCore/qobject.h:49,
                 from ../Qt5.2.1/5.2.1/gcc/include/QtCore/qabstractanimation.h:45,
                 from ../Qt5.2.1/5.2.1/gcc/include/QtCore/QtCore:4,
                 from ../Qt5.2.1/5.2.1/gcc/include/QtGui/QtGuiDepends:2,
                 from ../Qt5.2.1/5.2.1/gcc/include/QtGui/QtGui:3,
                 from FBApi.h:12,
                 from FBApi.cpp:8:
../Qt5.2.1/5.2.1/gcc/include/QtCore/qarraydata.h:127:1: error: incomplete type ‘QArrayData’ used in nested name specifier
../Qt5.2.1/5.2.1/gcc/include/QtCore/qarraydata.h:127:1: error: incomplete type ‘QArrayData’ used in nested name specifier
../Qt5.2.1/5.2.1/gcc/include/QtCore/qarraydata.h:127:1: error: template argument 1 is invalid
../Qt5.2.1/5.2.1/gcc/include/QtCore/qarraydata.h:127:1: error: invalid type in declaration before ‘(’ token
../Qt5.2.1/5.2.1/gcc/include/QtCore/qarraydata.h:127:1: error: declaration of ‘operator|’ as non-function
../Qt5.2.1/5.2.1/gcc/include/QtCore/qarraydata.h:127:1: error: ‘QArrayData::AllocationOptions’ has not been declared
../Qt5.2.1/5.2.1/gcc/include/QtCore/qarraydata.h:127:1: error: ‘QArrayData::AllocationOptions’ has not been declared
../Qt5.2.1/5.2.1/gcc/include/QtCore/qarraydata.h:127:1: error: incomplete type ‘QArrayData’ used in nested name specifier
../Qt5.2.1/5.2.1/gcc/include/QtCore/qarraydata.h:127:1: error: incomplete type ‘QArrayData’ used in nested name specifier
../Qt5.2.1/5.2.1/gcc/include/QtCore/qarraydata.h:127:1: error: template argument 1 is invalid
../Qt5.2.1/5.2.1/gcc/include/QtCore/qarraydata.h:127:1: error: invalid type in declaration before ‘(’ token
../Qt5.2.1/5.2.1/gcc/include/QtCore/qarraydata.h:127:1: error: declaration of ‘operator|’ as non-function
../Qt5.2.1/5.2.1/gcc/include/QtCore/qarraydata.h:127:1: error: ‘QArrayData::AllocationOptions’ has not been declared
../Qt5.2.1/5.2.1/gcc/include/QtCore/qarraydata.h:127:1: error: incomplete type ‘QArrayData’ used in nested name specifier
../Qt5.2.1/5.2.1/gcc/include/QtCore/qarraydata.h:127:1: error: incomplete type ‘QArrayData’ used in nested name specifier
../Qt5.2.1/5.2.1/gcc/include/QtCore/qarraydata.h:127:1: error: template argument 1 is invalid
../Qt5.2.1/5.2.1/gcc/include/QtCore/qarraydata.h:127:1: error: declaration of ‘operator|’ as non-function
../Qt5.2.1/5.2.1/gcc/include/QtCore/qarraydata.h:127:1: error: ‘QArrayData::AllocationOptions’ has not been declared
../Qt5.2.1/5.2.1/gcc/include/QtCore/qarraydata.h:127:1: error: expected primary-expression before ‘int’
../Qt5.2.1/5.2.1/gcc/include/QtCore/qarraydata.h:132:1: error: invalid use of incomplete type ‘struct QArrayData’
../Qt5.2.1/5.2.1/gcc/include/QtCore/qobjectdefs.h:53:8: error: forward declaration of ‘struct QArrayData’
../Qt5.2.1/5.2.1/gcc/include/QtCore/qarraydata.h:217:39: error: field ‘header’ has incomplete type
../Qt5.2.1/5.2.1/gcc/include/QtCore/qarraydata.h:220:13: error: ‘AllocationOptions’ has not been declared
../Qt5.2.1/5.2.1/gcc/include/QtCore/qarraydata.h:234:13: error: ‘AllocationOptions’ has not been declared
../Qt5.2.1/5.2.1/gcc/include/QtCore/qarraydata.h:220:41: error: ‘Default’ was not declared in this scope
../Qt5.2.1/5.2.1/gcc/include/QtCore/qarraydata.h:234:41: error: ‘Default’ was not declared in this scope
../Qt5.2.1/5.2.1/gcc/include/QtCore/qarraydata.h: In member function ‘T* QTypedArrayData<T>::data()’:
../Qt5.2.1/5.2.1/gcc/include/QtCore/qarraydata.h:207:41: error: incomplete type ‘QArrayData’ used in nested name specifier
../Qt5.2.1/5.2.1/gcc/include/QtCore/qarraydata.h: In member function ‘const T* QTypedArrayData<T>::data() const’:
../Qt5.2.1/5.2.1/gcc/include/QtCore/qarraydata.h:208:59: error: incomplete type ‘QArrayData’ used in nested name specifier
../Qt5.2.1/5.2.1/gcc/include/QtCore/qarraydata.h: In member function ‘T* QTypedArrayData<T>::end(QTypedArrayData<T>::iterator)’:
../Qt5.2.1/5.2.1/gcc/include/QtCore/qarraydata.h:211:59: error: ‘size’ was not declared in this scope
../Qt5.2.1/5.2.1/gcc/include/QtCore/qarraydata.h: In member function ‘const T* QTypedArrayData<T>::end(QTypedArrayData<T>::const_iterator) const’:
../Qt5.2.1/5.2.1/gcc/include/QtCore/qarraydata.h:213:83: error: ‘size’ was not declared in this scope
../Qt5.2.1/5.2.1/gcc/include/QtCore/qarraydata.h: In member function ‘const T* QTypedArrayData<T>::constEnd(QTypedArrayData<T>::const_iterator) const’:
../Qt5.2.1/5.2.1/gcc/include/QtCore/qarraydata.h:215:88: error: ‘size’ was not declared in this scope
../Qt5.2.1/5.2.1/gcc/include/QtCore/qarraydata.h: In static member function ‘static QTypedArrayData<T>* QTypedArrayData<T>::allocate(size_t, int)’:
../Qt5.2.1/5.2.1/gcc/include/QtCore/qarraydata.h:222:9: error: invalid application of ‘sizeof’ to incomplete type ‘QArrayData’ 
../Qt5.2.1/5.2.1/gcc/include/QtCore/qarraydata.h:222:9: error: template argument 1 is invalid
../Qt5.2.1/5.2.1/gcc/include/QtCore/qarraydata.h:223:47: error: incomplete type ‘QArrayData’ used in nested name specifier
../Qt5.2.1/5.2.1/gcc/include/QtCore/qarraydata.h: In static member function ‘static void QTypedArrayData<T>::deallocate(QArrayData*)’:
../Qt5.2.1/5.2.1/gcc/include/QtCore/qarraydata.h:229:9: error: invalid application of ‘sizeof’ to incomplete type ‘QArrayData’ 
../Qt5.2.1/5.2.1/gcc/include/QtCore/qarraydata.h:229:9: error: template argument 1 is invalid
../Qt5.2.1/5.2.1/gcc/include/QtCore/qarraydata.h:230:9: error: incomplete type ‘QArrayData’ used in nested name specifier
../Qt5.2.1/5.2.1/gcc/include/QtCore/qarraydata.h: In static member function ‘static QTypedArrayData<T>* QTypedArrayData<T>::fromRawData(const T*, size_t, int)’:
../Qt5.2.1/5.2.1/gcc/include/QtCore/qarraydata.h:236:9: error: invalid application of ‘sizeof’ to incomplete type ‘QArrayData’ 
../Qt5.2.1/5.2.1/gcc/include/QtCore/qarraydata.h:236:9: error: template argument 1 is invalid
../Qt5.2.1/5.2.1/gcc/include/QtCore/qarraydata.h:237:57: error: ‘RawData’ was not declared in this scope
../Qt5.2.1/5.2.1/gcc/include/QtCore/qarraydata.h: In static member function ‘static QTypedArrayData<T>* QTypedArrayData<T>::sharedNull()’:
../Qt5.2.1/5.2.1/gcc/include/QtCore/qarraydata.h:250:9: error: invalid application of ‘sizeof’ to incomplete type ‘QArrayData’ 
../Qt5.2.1/5.2.1/gcc/include/QtCore/qarraydata.h:250:9: error: template argument 1 is invalid
../Qt5.2.1/5.2.1/gcc/include/QtCore/qarraydata.h:251:47: error: incomplete type ‘QArrayData’ used in nested name specifier
../Qt5.2.1/5.2.1/gcc/include/QtCore/qarraydata.h: In static member function ‘static QTypedArrayData<T>* QTypedArrayData<T>::sharedEmpty()’:
../Qt5.2.1/5.2.1/gcc/include/QtCore/qarraydata.h:256:9: error: invalid application of ‘sizeof’ to incomplete type ‘QArrayData’ 
../Qt5.2.1/5.2.1/gcc/include/QtCore/qarraydata.h:256:9: error: template argument 1 is invalid
../Qt5.2.1/5.2.1/gcc/include/QtCore/qarraydata.h: In static member function ‘static QTypedArrayData<T>* QTypedArrayData<T>::unsharableEmpty()’:
../Qt5.2.1/5.2.1/gcc/include/QtCore/qarraydata.h:262:9: error: invalid application of ‘sizeof’ to incomplete type ‘QArrayData’ 
../Qt5.2.1/5.2.1/gcc/include/QtCore/qarraydata.h:262:9: error: template argument 1 is invalid
../Qt5.2.1/5.2.1/gcc/include/QtCore/qarraydata.h:263:43: error: ‘Unsharable’ was not declared in this scope
../Qt5.2.1/5.2.1/gcc/include/QtCore/qarraydata.h: At global scope:
../Qt5.2.1/5.2.1/gcc/include/QtCore/qarraydata.h:270:16: error: field ‘header’ has incomplete type
../Qt5.2.1/5.2.1/gcc/include/QtCore/qarraydata.h: In function ‘QArrayDataPointerRef<T> QtPrivate::qMakeArrayLiteral(const T (&)[N])’:
../Qt5.2.1/5.2.1/gcc/include/QtCore/qarraydata.h:349:9: error: ‘::memcpy’ has not been declared
In file included from ../Qt5.2.1/5.2.1/gcc/include/QtCore/qstring.h:46:0,
                 from ../Qt5.2.1/5.2.1/gcc/include/QtCore/qobject.h:49,
                 from ../Qt5.2.1/5.2.1/gcc/include/QtCore/qabstractanimation.h:45,
                 from ../Qt5.2.1/5.2.1/gcc/include/QtCore/QtCore:4,
                 from ../Qt5.2.1/5.2.1/gcc/include/QtGui/QtGuiDepends:2,
                 from ../Qt5.2.1/5.2.1/gcc/include/QtGui/QtGui:3,
                 from FBApi.h:12,
                 from FBApi.cpp:8:
../Qt5.2.1/5.2.1/gcc/include/QtCore/qbytearray.h: In function ‘uint qstrlen(const char*)’:
../Qt5.2.1/5.2.1/gcc/include/QtCore/qbytearray.h:79:31: error: ‘strlen’ was not declared in this scope
../Qt5.2.1/5.2.1/gcc/include/QtCore/qbytearray.h: In function ‘int qstrncmp(const char*, const char*, uint)’:
../Qt5.2.1/5.2.1/gcc/include/QtCore/qbytearray.h:102:52: error: ‘strncmp’ was not declared in this scope
../Qt5.2.1/5.2.1/gcc/include/QtCore/qbytearray.h: At global scope:
../Qt5.2.1/5.2.1/gcc/include/QtCore/qbytearray.h:125:20: error: field ‘ba’ has incomplete type
../Qt5.2.1/5.2.1/gcc/include/QtCore/qbytearray.h: In member function ‘QByteArrayData* QStaticByteArrayData<N>::data_ptr() const’:
../Qt5.2.1/5.2.1/gcc/include/QtCore/qbytearray.h:131:46: error: ‘ba’ was not declared in this scope
../Qt5.2.1/5.2.1/gcc/include/QtCore/qbytearray.h: At global scope:
../Qt5.2.1/5.2.1/gcc/include/QtCore/qbytearray.h:394:40: error: ‘Data<char>::AllocationOptions’ has not been declared
../Qt5.2.1/5.2.1/gcc/include/QtCore/qbytearray.h: In member function ‘int QByteArray::count() const’:
../Qt5.2.1/5.2.1/gcc/include/QtCore/qbytearray.h:382:42: error: ‘QByteArray::Data’ has no member named ‘size’
../Qt5.2.1/5.2.1/gcc/include/QtCore/qbytearray.h: In member function ‘int QByteArray::length() const’:
../Qt5.2.1/5.2.1/gcc/include/QtCore/qbytearray.h:383:36: error: ‘QByteArray::Data’ has no member named ‘size’
../Qt5.2.1/5.2.1/gcc/include/QtCore/qbytearray.h: In constructor ‘QByteArray::QByteArray(QByteArrayDataPtr)’:
../Qt5.2.1/5.2.1/gcc/include/QtCore/qbytearray.h:387:39: error: invalid static_cast from type ‘QByteArrayData* {aka QArrayData*}’ to type ‘QByteArray::Data* {aka QTypedArrayData<char>*}’
../Qt5.2.1/5.2.1/gcc/include/QtCore/qbytearray.h: In destructor ‘QByteArray::~QByteArray()’:
../Qt5.2.1/5.2.1/gcc/include/QtCore/qbytearray.h:409:44: error: ‘QByteArray::Data’ has no member named ‘ref’
../Qt5.2.1/5.2.1/gcc/include/QtCore/qbytearray.h:409:75: error: no matching function for call to ‘QTypedArrayData<char>::deallocate(QByteArray::Data*&)’
../Qt5.2.1/5.2.1/gcc/include/QtCore/qbytearray.h:409:75: note: candidate is:
../Qt5.2.1/5.2.1/gcc/include/QtCore/qarraydata.h:227:17: note: static void QTypedArrayData<T>::deallocate(QArrayData*) [with T = char]
../Qt5.2.1/5.2.1/gcc/include/QtCore/qarraydata.h:227:17: note:   no known conversion for argument 1 from ‘QByteArray::Data* {aka QTypedArrayData<char>*}’ to ‘QArrayData*’
../Qt5.2.1/5.2.1/gcc/include/QtCore/qbytearray.h: In member function ‘int QByteArray::size() const’:
../Qt5.2.1/5.2.1/gcc/include/QtCore/qbytearray.h:411:13: error: ‘QByteArray::Data’ has no member named ‘size’
../Qt5.2.1/5.2.1/gcc/include/QtCore/qbytearray.h: In member function ‘bool QByteArray::isEmpty() const’:
../Qt5.2.1/5.2.1/gcc/include/QtCore/qbytearray.h:421:13: error: ‘QByteArray::Data’ has no member named ‘size’
../Qt5.2.1/5.2.1/gcc/include/QtCore/qbytearray.h: In member function ‘void QByteArray::detach()’:
../Qt5.2.1/5.2.1/gcc/include/QtCore/qbytearray.h:435:10: error: ‘QByteArray::Data’ has no member named ‘ref’
../Qt5.2.1/5.2.1/gcc/include/QtCore/qbytearray.h:435:32: error: ‘QByteArray::Data’ has no member named ‘offset’
../Qt5.2.1/5.2.1/gcc/include/QtCore/qbytearray.h:435:63: error: invalid application of ‘sizeof’ to incomplete type ‘QByteArrayData {aka QArrayData}’ 
../Qt5.2.1/5.2.1/gcc/include/QtCore/qbytearray.h:435:87: error: ‘QByteArray::Data’ has no member named ‘size’
../Qt5.2.1/5.2.1/gcc/include/QtCore/qbytearray.h:435:102: error: ‘QByteArray::Data’ has no member named ‘detachFlags’
../Qt5.2.1/5.2.1/gcc/include/QtCore/qbytearray.h: In member function ‘bool QByteArray::isDetached() const’:
../Qt5.2.1/5.2.1/gcc/include/QtCore/qbytearray.h:437:14: error: ‘QByteArray::Data’ has no member named ‘ref’
../Qt5.2.1/5.2.1/gcc/include/QtCore/qbytearray.h: In copy constructor ‘QByteArray::QByteArray(const QByteArray&)’:
../Qt5.2.1/5.2.1/gcc/include/QtCore/qbytearray.h:439:6: error: ‘QByteArray::Data’ has no member named ‘ref’
../Qt5.2.1/5.2.1/gcc/include/QtCore/qbytearray.h: In member function ‘int QByteArray::capacity() const’:
../Qt5.2.1/5.2.1/gcc/include/QtCore/qbytearray.h:442:13: error: ‘QByteArray::Data’ has no member named ‘alloc’
../Qt5.2.1/5.2.1/gcc/include/QtCore/qbytearray.h:442:24: error: ‘QByteArray::Data’ has no member named ‘alloc’
../Qt5.2.1/5.2.1/gcc/include/QtCore/qbytearray.h: In member function ‘void QByteArray::reserve(int)’:
../Qt5.2.1/5.2.1/gcc/include/QtCore/qbytearray.h:446:12: error: ‘QByteArray::Data’ has no member named ‘ref’
../Qt5.2.1/5.2.1/gcc/include/QtCore/qbytearray.h:446:52: error: ‘QByteArray::Data’ has no member named ‘alloc’
../Qt5.2.1/5.2.1/gcc/include/QtCore/qbytearray.h:447:42: error: ‘QByteArray::Data’ has no member named ‘detachFlags’
../Qt5.2.1/5.2.1/gcc/include/QtCore/qbytearray.h:447:58: error: ‘CapacityReserved’ is not a member of ‘QByteArray::Data {aka QTypedArrayData<char>}’
../Qt5.2.1/5.2.1/gcc/include/QtCore/qbytearray.h:451:12: error: ‘QByteArray::Data’ has no member named ‘capacityReserved’
../Qt5.2.1/5.2.1/gcc/include/QtCore/qbytearray.h: In member function ‘void QByteArray::squeeze()’:
../Qt5.2.1/5.2.1/gcc/include/QtCore/qbytearray.h:457:12: error: ‘QByteArray::Data’ has no member named ‘ref’
../Qt5.2.1/5.2.1/gcc/include/QtCore/qbytearray.h:457:38: error: ‘QByteArray::Data’ has no member named ‘size’
../Qt5.2.1/5.2.1/gcc/include/QtCore/qbytearray.h:457:54: error: ‘QByteArray::Data’ has no member named ‘alloc’
../Qt5.2.1/5.2.1/gcc/include/QtCore/qbytearray.h:458:29: error: ‘QByteArray::Data’ has no member named ‘size’
../Qt5.2.1/5.2.1/gcc/include/QtCore/qbytearray.h:458:44: error: ‘QByteArray::Data’ has no member named ‘detachFlags’
../Qt5.2.1/5.2.1/gcc/include/QtCore/qbytearray.h:458:61: error: ‘CapacityReserved’ is not a member of ‘QByteArray::Data {aka QTypedArrayData<char>}’
../Qt5.2.1/5.2.1/gcc/include/QtCore/qbytearray.h:462:12: error: ‘QByteArray::Data’ has no member named ‘capacityReserved’
../Qt5.2.1/5.2.1/gcc/include/QtCore/qbytearray.h: In member function ‘QByteRef::operator char() const’:
../Qt5.2.1/5.2.1/gcc/include/QtCore/qbytearray.h:474:27: error: ‘QByteArray::Data’ has no member named ‘size’
../Qt5.2.1/5.2.1/gcc/include/QtCore/qbytearray.h: In member function ‘QByteRef& QByteRef::operator=(char)’:
../Qt5.2.1/5.2.1/gcc/include/QtCore/qbytearray.h:476:25: error: ‘QByteArray::Data’ has no member named ‘size’
../Qt5.2.1/5.2.1/gcc/include/QtCore/qbytearray.h: In member function ‘QByteRef& QByteRef::operator=(const QByteRef&)’:
../Qt5.2.1/5.2.1/gcc/include/QtCore/qbytearray.h:479:25: error: ‘QByteArray::Data’ has no member named ‘size’
../Qt5.2.1/5.2.1/gcc/include/QtCore/qbytearray.h: In member function ‘char* QByteArray::end()’:
../Qt5.2.1/5.2.1/gcc/include/QtCore/qbytearray.h:508:35: error: ‘QByteArray::Data’ has no member named ‘size’
../Qt5.2.1/5.2.1/gcc/include/QtCore/qbytearray.h: In member function ‘const char* QByteArray::end() const’:
../Qt5.2.1/5.2.1/gcc/include/QtCore/qbytearray.h:510:25: error: ‘QByteArray::Data’ has no member named ‘size’
../Qt5.2.1/5.2.1/gcc/include/QtCore/qbytearray.h: In member function ‘const char* QByteArray::cend() const’:
../Qt5.2.1/5.2.1/gcc/include/QtCore/qbytearray.h:512:25: error: ‘QByteArray::Data’ has no member named ‘size’
../Qt5.2.1/5.2.1/gcc/include/QtCore/qbytearray.h: In member function ‘const char* QByteArray::constEnd() const’:
../Qt5.2.1/5.2.1/gcc/include/QtCore/qbytearray.h:514:25: error: ‘QByteArray::Data’ has no member named ‘size’
../Qt5.2.1/5.2.1/gcc/include/QtCore/qbytearray.h: In function ‘bool operator==(const QByteArray&, const QByteArray&)’:
../Qt5.2.1/5.2.1/gcc/include/QtCore/qbytearray.h:538:87: error: ‘memcmp’ was not declared in this scope
In file included from /usr/include/c++/4.6/cwchar:46:0,
                 from /usr/include/c++/4.6/bits/postypes.h:42,
                 from /usr/include/c++/4.6/bits/char_traits.h:42,
                 from /usr/include/c++/4.6/string:42,
                 from ../Qt5.2.1/5.2.1/gcc/include/QtCore/qstring.h:50,
                 from ../Qt5.2.1/5.2.1/gcc/include/QtCore/qobject.h:49,
                 from ../Qt5.2.1/5.2.1/gcc/include/QtCore/qabstractanimation.h:45,
                 from ../Qt5.2.1/5.2.1/gcc/include/QtCore/QtCore:4,
                 from ../Qt5.2.1/5.2.1/gcc/include/QtGui/QtGuiDepends:2,
                 from ../Qt5.2.1/5.2.1/gcc/include/QtGui/QtGui:3,
                 from FBApi.h:12,
                 from FBApi.cpp:8:
/usr/include/wchar.h: At global scope:
/usr/include/wchar.h:104:1: error: ‘__BEGIN_NAMESPACE_C99’ does not name a type
/usr/include/wchar.h:107:1: error: ‘__END_NAMESPACE_C99’ does not name a type
/usr/include/wchar.h:135:1: error: ‘__END_NAMESPACE_STD’ does not name a type
/usr/include/wchar.h:149:6: error: expected initializer before ‘__THROW’
/usr/include/wchar.h:153:39: error: expected initializer before ‘__THROW’
/usr/include/wchar.h:157:6: error: expected initializer before ‘__THROW’
/usr/include/wchar.h:161:6: error: expected initializer before ‘__THROW’
/usr/include/wchar.h:164:6: error: expected initializer before ‘__THROW’
/usr/include/wchar.h:165:1: error: ‘__END_NAMESPACE_STD’ does not name a type
/usr/include/wchar.h:194:56: error: expected initializer before ‘__THROW’
/usr/include/wchar.h:195:1: error: ‘__END_NAMESPACE_STD’ does not name a type
/usr/include/wchar.h:235:6: error: expected initializer before ‘__THROW’
/usr/include/wchar.h:237:1: error: ‘__END_NAMESPACE_STD’ does not name a type
/usr/include/wchar.h:254:6: error: expected initializer before ‘__THROW’
/usr/include/wchar.h:264:6: error: expected initializer before ‘__THROW’
/usr/include/wchar.h:275:6: error: expected initializer before ‘__THROW’
/usr/include/wchar.h:281:32: error: expected initializer before ‘__THROW’
/usr/include/wchar.h:284:45: error: expected initializer before ‘__THROW’
/usr/include/wchar.h:285:1: error: ‘__END_NAMESPACE_STD’ does not name a type
/usr/include/wchar.h:323:6: error: expected initializer before ‘__THROW’
/usr/include/wchar.h:327:51: error: expected initializer before ‘__THROW’
/usr/include/wchar.h:332:6: error: expected initializer before ‘__THROW’
/usr/include/wchar.h:335:65: error: expected initializer before ‘__THROW’
/usr/include/wchar.h:336:1: error: ‘__END_NAMESPACE_STD’ does not name a type
/usr/include/wchar.h:354:31: error: expected initializer before ‘__THROW’
/usr/include/wchar.h:358:29: error: ‘mbstate_t’ does not name a type
/usr/include/wchar.h:358:46: error: expected initializer before ‘__THROW’
/usr/include/wchar.h:364:10: error: ‘mbstate_t’ has not been declared
/usr/include/wchar.h:364:26: error: expected initializer before ‘__THROW’
/usr/include/wchar.h:368:10: error: ‘mbstate_t’ has not been declared
/usr/include/wchar.h:368:38: error: expected initializer before ‘__THROW’
/usr/include/wchar.h:372:4: error: ‘mbstate_t’ has not been declared
/usr/include/wchar.h:372:32: error: expected initializer before ‘__THROW’
/usr/include/wchar.h:374:9: error: ‘mbstate_t’ has not been declared
/usr/include/wchar.h:374:37: error: expected initializer before ‘__THROW’
/usr/include/wchar.h:375:1: error: ‘__END_NAMESPACE_STD’ does not name a type
/usr/include/wchar.h:413:5: error: ‘mbstate_t’ has not been declared
/usr/include/wchar.h:413:33: error: expected initializer before ‘__THROW’
/usr/include/wchar.h:414:1: error: ‘__END_NAMESPACE_STD’ does not name a type
/usr/include/wchar.h:449:1: error: ‘__END_NAMESPACE_STD’ does not name a type
/usr/include/wchar.h:472:6: error: expected initializer before ‘__THROW’
/usr/include/wchar.h:473:1: error: ‘__END_NAMESPACE_STD’ does not name a type
/usr/include/wchar.h:787:1: error: ‘__END_NAMESPACE_STD’ does not name a type
/usr/include/wchar.h:855:1: error: ‘__END_NAMESPACE_C99’ does not name a type
In file included from /usr/include/c++/4.6/bits/postypes.h:42:0,
                 from /usr/include/c++/4.6/bits/char_traits.h:42,
                 from /usr/include/c++/4.6/string:42,
                 from ../Qt5.2.1/5.2.1/gcc/include/QtCore/qstring.h:50,
                 from ../Qt5.2.1/5.2.1/gcc/include/QtCore/qobject.h:49,
                 from ../Qt5.2.1/5.2.1/gcc/include/QtCore/qabstractanimation.h:45,
                 from ../Qt5.2.1/5.2.1/gcc/include/QtCore/QtCore:4,
                 from ../Qt5.2.1/5.2.1/gcc/include/QtGui/QtGuiDepends:2,
                 from ../Qt5.2.1/5.2.1/gcc/include/QtGui/QtGui:3,
                 from FBApi.h:12,
                 from FBApi.cpp:8:
/usr/include/c++/4.6/cwchar:143:11: error: ‘::btowc’ has not been declared
/usr/include/c++/4.6/cwchar:144:11: error: ‘::fgetwc’ has not been declared
/usr/include/c++/4.6/cwchar:148:11: error: ‘::fwide’ has not been declared
/usr/include/c++/4.6/cwchar:149:11: error: ‘::fwprintf’ has not been declared
/usr/include/c++/4.6/cwchar:150:11: error: ‘::fwscanf’ has not been declared
/usr/include/c++/4.6/cwchar:153:11: error: ‘::mbrlen’ has not been declared
/usr/include/c++/4.6/cwchar:154:11: error: ‘::mbrtowc’ has not been declared
/usr/include/c++/4.6/cwchar:155:11: error: ‘::mbsinit’ has not been declared
/usr/include/c++/4.6/cwchar:156:11: error: ‘::mbsrtowcs’ has not been declared
/usr/include/c++/4.6/cwchar:160:11: error: ‘::swprintf’ has not been declared
/usr/include/c++/4.6/cwchar:162:11: error: ‘::swscanf’ has not been declared
/usr/include/c++/4.6/cwchar:164:11: error: ‘::vfwprintf’ has not been declared
/usr/include/c++/4.6/cwchar:166:11: error: ‘::vfwscanf’ has not been declared
/usr/include/c++/4.6/cwchar:169:11: error: ‘::vswprintf’ has not been declared
/usr/include/c++/4.6/cwchar:172:11: error: ‘::vswscanf’ has not been declared
/usr/include/c++/4.6/cwchar:174:11: error: ‘::vwprintf’ has not been declared
/usr/include/c++/4.6/cwchar:176:11: error: ‘::vwscanf’ has not been declared
/usr/include/c++/4.6/cwchar:178:11: error: ‘::wcrtomb’ has not been declared
/usr/include/c++/4.6/cwchar:179:11: error: ‘::wcscat’ has not been declared
/usr/include/c++/4.6/cwchar:180:11: error: ‘::wcscmp’ has not been declared
/usr/include/c++/4.6/cwchar:181:11: error: ‘::wcscoll’ has not been declared
/usr/include/c++/4.6/cwchar:182:11: error: ‘::wcscpy’ has not been declared
/usr/include/c++/4.6/cwchar:183:11: error: ‘::wcscspn’ has not been declared
/usr/include/c++/4.6/cwchar:184:11: error: ‘::wcsftime’ has not been declared
/usr/include/c++/4.6/cwchar:185:11: error: ‘::wcslen’ has not been declared
/usr/include/c++/4.6/cwchar:186:11: error: ‘::wcsncat’ has not been declared
/usr/include/c++/4.6/cwchar:187:11: error: ‘::wcsncmp’ has not been declared
/usr/include/c++/4.6/cwchar:188:11: error: ‘::wcsncpy’ has not been declared
/usr/include/c++/4.6/cwchar:189:11: error: ‘::wcsrtombs’ has not been declared
/usr/include/c++/4.6/cwchar:190:11: error: ‘::wcsspn’ has not been declared
/usr/include/c++/4.6/cwchar:191:11: error: ‘::wcstod’ has not been declared
/usr/include/c++/4.6/cwchar:193:11: error: ‘::wcstof’ has not been declared
/usr/include/c++/4.6/cwchar:195:11: error: ‘::wcstok’ has not been declared
/usr/include/c++/4.6/cwchar:196:11: error: ‘::wcstol’ has not been declared
/usr/include/c++/4.6/cwchar:197:11: error: ‘::wcstoul’ has not been declared
/usr/include/c++/4.6/cwchar:198:11: error: ‘::wcsxfrm’ has not been declared
/usr/include/c++/4.6/cwchar:199:11: error: ‘::wctob’ has not been declared
/usr/include/c++/4.6/cwchar:200:11: error: ‘::wmemcmp’ has not been declared
/usr/include/c++/4.6/cwchar:201:11: error: ‘::wmemcpy’ has not been declared
/usr/include/c++/4.6/cwchar:202:11: error: ‘::wmemmove’ has not been declared
/usr/include/c++/4.6/cwchar:203:11: error: ‘::wmemset’ has not been declared
/usr/include/c++/4.6/cwchar:204:11: error: ‘::wprintf’ has not been declared
/usr/include/c++/4.6/cwchar:205:11: error: ‘::wscanf’ has not been declared
/usr/include/c++/4.6/cwchar:206:11: error: ‘::wcschr’ has not been declared
/usr/include/c++/4.6/cwchar:207:11: error: ‘::wcspbrk’ has not been declared
/usr/include/c++/4.6/cwchar:208:11: error: ‘::wcsrchr’ has not been declared
/usr/include/c++/4.6/cwchar:209:11: error: ‘::wcsstr’ has not been declared
/usr/include/c++/4.6/cwchar:210:11: error: ‘::wmemchr’ has not been declared
/usr/include/c++/4.6/cwchar: In function ‘wchar_t* std::wcschr(wchar_t*, wchar_t)’:
/usr/include/c++/4.6/cwchar:215:55: error: invalid conversion from ‘const wchar_t*’ to ‘wchar_t*’ [-fpermissive]
/usr/include/c++/4.6/cwchar:214:3: error:   initializing argument 1 of ‘wchar_t* std::wcschr(wchar_t*, wchar_t)’ [-fpermissive]
/usr/include/c++/4.6/cwchar: In function ‘wchar_t* std::wcspbrk(wchar_t*, const wchar_t*)’:
/usr/include/c++/4.6/cwchar:219:58: error: invalid conversion from ‘const wchar_t*’ to ‘wchar_t*’ [-fpermissive]
/usr/include/c++/4.6/cwchar:218:3: error:   initializing argument 1 of ‘wchar_t* std::wcspbrk(wchar_t*, const wchar_t*)’ [-fpermissive]
/usr/include/c++/4.6/cwchar: In function ‘wchar_t* std::wcsrchr(wchar_t*, wchar_t)’:
/usr/include/c++/4.6/cwchar:223:56: error: invalid conversion from ‘const wchar_t*’ to ‘wchar_t*’ [-fpermissive]
/usr/include/c++/4.6/cwchar:222:3: error:   initializing argument 1 of ‘wchar_t* std::wcsrchr(wchar_t*, wchar_t)’ [-fpermissive]
/usr/include/c++/4.6/cwchar: In function ‘wchar_t* std::wcsstr(wchar_t*, const wchar_t*)’:
/usr/include/c++/4.6/cwchar:227:57: error: invalid conversion from ‘const wchar_t*’ to ‘wchar_t*’ [-fpermissive]
/usr/include/c++/4.6/cwchar:226:3: error:   initializing argument 1 of ‘wchar_t* std::wcsstr(wchar_t*, const wchar_t*)’ [-fpermissive]
/usr/include/c++/4.6/cwchar: In function ‘wchar_t* std::wmemchr(wchar_t*, wchar_t, std::size_t)’:
/usr/include/c++/4.6/cwchar:231:61: error: invalid conversion from ‘const wchar_t*’ to ‘wchar_t*’ [-fpermissive]
/usr/include/c++/4.6/cwchar:230:3: error:   initializing argument 1 of ‘wchar_t* std::wmemchr(wchar_t*, wchar_t, std::size_t)’ [-fpermissive]
/usr/include/c++/4.6/cwchar: At global scope:
/usr/include/c++/4.6/cwchar:250:11: error: ‘::wcstold’ has not been declared
/usr/include/c++/4.6/cwchar:259:11: error: ‘::wcstoll’ has not been declared
/usr/include/c++/4.6/cwchar:260:11: error: ‘::wcstoull’ has not been declared
/usr/include/c++/4.6/cwchar:266:22: error: ‘__gnu_cxx::wcstold’ has not been declared
/usr/include/c++/4.6/cwchar:267:22: error: ‘__gnu_cxx::wcstoll’ has not been declared
/usr/include/c++/4.6/cwchar:268:22: error: ‘__gnu_cxx::wcstoull’ has not been declared
In file included from /usr/include/c++/4.6/bits/char_traits.h:42:0,
                 from /usr/include/c++/4.6/string:42,
                 from ../Qt5.2.1/5.2.1/gcc/include/QtCore/qstring.h:50,
                 from ../Qt5.2.1/5.2.1/gcc/include/QtCore/qobject.h:49,
                 from ../Qt5.2.1/5.2.1/gcc/include/QtCore/qabstractanimation.h:45,
                 from ../Qt5.2.1/5.2.1/gcc/include/QtCore/QtCore:4,
                 from ../Qt5.2.1/5.2.1/gcc/include/QtGui/QtGuiDepends:2,
                 from ../Qt5.2.1/5.2.1/gcc/include/QtGui/QtGui:3,
                 from FBApi.h:12,
                 from FBApi.cpp:8:
/usr/include/c++/4.6/bits/postypes.h:230:16: error: ‘mbstate_t’ was not declared in this scope
/usr/include/c++/4.6/bits/postypes.h:230:25: error: template argument 1 is invalid
/usr/include/c++/4.6/bits/postypes.h:230:36: error: invalid type in declaration before ‘;’ token
/usr/include/c++/4.6/bits/postypes.h:232:16: error: ‘mbstate_t’ was not declared in this scope
/usr/include/c++/4.6/bits/postypes.h:232:25: error: template argument 1 is invalid
/usr/include/c++/4.6/bits/postypes.h:232:37: error: invalid type in declaration before ‘;’ token
In file included from /usr/include/c++/4.6/string:42:0,
                 from ../Qt5.2.1/5.2.1/gcc/include/QtCore/qstring.h:50,
                 from ../Qt5.2.1/5.2.1/gcc/include/QtCore/qobject.h:49,
                 from ../Qt5.2.1/5.2.1/gcc/include/QtCore/qabstractanimation.h:45,
                 from ../Qt5.2.1/5.2.1/gcc/include/QtCore/QtCore:4,
                 from ../Qt5.2.1/5.2.1/gcc/include/QtGui/QtGuiDepends:2,
                 from ../Qt5.2.1/5.2.1/gcc/include/QtGui/QtGui:3,
                 from FBApi.h:12,
                 from FBApi.cpp:8:
/usr/include/c++/4.6/bits/char_traits.h:65:15: error: ‘mbstate_t’ in namespace ‘std’ does not name a type
/usr/include/c++/4.6/bits/char_traits.h:241:15: error: ‘mbstate_t’ does not name a type
/usr/include/c++/4.6/bits/char_traits.h:312:15: error: ‘mbstate_t’ does not name a type
/usr/include/c++/4.6/bits/char_traits.h: In static member function ‘static int std::char_traits<wchar_t>::compare(const char_type*, const char_type*, std::size_t)’:
/usr/include/c++/4.6/bits/char_traits.h:328:39: error: ‘wmemcmp’ was not declared in this scope
/usr/include/c++/4.6/bits/char_traits.h: In static member function ‘static std::size_t std::char_traits<wchar_t>::length(const char_type*)’:
/usr/include/c++/4.6/bits/char_traits.h:332:26: error: ‘wcslen’ was not declared in this scope
/usr/include/c++/4.6/bits/char_traits.h: In static member function ‘static const char_type* std::char_traits<wchar_t>::find(const char_type*, std::size_t, const char_type&)’:
/usr/include/c++/4.6/bits/char_traits.h:336:37: error: invalid conversion from ‘const char_type* {aka const wchar_t*}’ to ‘wchar_t*’ [-fpermissive]
/usr/include/c++/4.6/cwchar:230:3: error:   initializing argument 1 of ‘wchar_t* std::wmemchr(wchar_t*, wchar_t, std::size_t)’ [-fpermissive]
/usr/include/c++/4.6/bits/char_traits.h: In static member function ‘static std::char_traits<wchar_t>::char_type* std::char_traits<wchar_t>::move(std::char_traits<wchar_t>::char_type*, const char_type*, std::size_t)’:
/usr/include/c++/4.6/bits/char_traits.h:340:40: error: ‘wmemmove’ was not declared in this scope
/usr/include/c++/4.6/bits/char_traits.h: In static member function ‘static std::char_traits<wchar_t>::char_type* std::char_traits<wchar_t>::copy(std::char_traits<wchar_t>::char_type*, const char_type*, std::size_t)’:
/usr/include/c++/4.6/bits/char_traits.h:344:39: error: ‘wmemcpy’ was not declared in this scope
/usr/include/c++/4.6/bits/char_traits.h: In static member function ‘static std::char_traits<wchar_t>::char_type* std::char_traits<wchar_t>::assign(std::char_traits<wchar_t>::char_type*, std::size_t, std::char_traits<wchar_t>::char_type)’:
/usr/include/c++/4.6/bits/char_traits.h:348:37: error: ‘wmemset’ was not declared in this scope
In file included from /usr/include/c++/4.6/clocale:44:0,
                 from /usr/include/c++/4.6/i686-linux-gnu/./bits/c++locale.h:42,
                 from /usr/include/c++/4.6/bits/localefwd.h:42,
                 from /usr/include/c++/4.6/string:45,
                 from ../Qt5.2.1/5.2.1/gcc/include/QtCore/qstring.h:50,
                 from ../Qt5.2.1/5.2.1/gcc/include/QtCore/qobject.h:49,
                 from ../Qt5.2.1/5.2.1/gcc/include/QtCore/qabstractanimation.h:45,
                 from ../Qt5.2.1/5.2.1/gcc/include/QtCore/QtCore:4,
                 from ../Qt5.2.1/5.2.1/gcc/include/QtGui/QtGuiDepends:2,
                 from ../Qt5.2.1/5.2.1/gcc/include/QtGui/QtGui:3,
                 from FBApi.h:12,
                 from FBApi.cpp:8:
/usr/include/locale.h: At global scope:
/usr/include/locale.h:32:1: error: ‘__BEGIN_DECLS’ does not name a type
/usr/include/locale.h:125:65: error: expected initializer before ‘__THROW’
/usr/include/locale.h:128:40: error: expected initializer before ‘__THROW’
/usr/include/locale.h:130:1: error: ‘__END_NAMESPACE_STD’ does not name a type
In file included from /usr/include/c++/4.6/bits/localefwd.h:42:0,
                 from /usr/include/c++/4.6/string:45,
                 from ../Qt5.2.1/5.2.1/gcc/include/QtCore/qstring.h:50,
                 from ../Qt5.2.1/5.2.1/gcc/include/QtCore/qobject.h:49,
                 from ../Qt5.2.1/5.2.1/gcc/include/QtCore/qabstractanimation.h:45,
                 from ../Qt5.2.1/5.2.1/gcc/include/QtCore/QtCore:4,
                 from ../Qt5.2.1/5.2.1/gcc/include/QtGui/QtGuiDepends:2,
                 from ../Qt5.2.1/5.2.1/gcc/include/QtGui/QtGui:3,
                 from FBApi.h:12,
                 from FBApi.cpp:8:
/usr/include/c++/4.6/i686-linux-gnu/./bits/c++locale.h:63:11: error: ‘__locale_t’ does not name a type
/usr/include/c++/4.6/i686-linux-gnu/./bits/c++locale.h:70:26: error: ‘__c_locale’ does not name a type
/usr/include/c++/4.6/i686-linux-gnu/./bits/c++locale.h: In function ‘int std::__convert_from_v(const int&, char*, int, const char*, ...)’:
/usr/include/c++/4.6/i686-linux-gnu/./bits/c++locale.h:78:19: error: ‘setlocale’ is not a member of ‘std’
/usr/include/c++/4.6/i686-linux-gnu/./bits/c++locale.h:85:2: error: ‘setlocale’ is not a member of ‘std’
/usr/include/c++/4.6/i686-linux-gnu/./bits/c++locale.h:105:2: error: ‘setlocale’ is not a member of ‘std’
In file included from /usr/include/c++/4.6/cctype:44:0,
                 from /usr/include/c++/4.6/bits/localefwd.h:44,
                 from /usr/include/c++/4.6/string:45,
                 from ../Qt5.2.1/5.2.1/gcc/include/QtCore/qstring.h:50,
                 from ../Qt5.2.1/5.2.1/gcc/include/QtCore/qobject.h:49,
                 from ../Qt5.2.1/5.2.1/gcc/include/QtCore/qabstractanimation.h:45,
                 from ../Qt5.2.1/5.2.1/gcc/include/QtCore/QtCore:4,
                 from ../Qt5.2.1/5.2.1/gcc/include/QtGui/QtGuiDepends:2,
                 from ../Qt5.2.1/5.2.1/gcc/include/QtGui/QtGui:3,
                 from FBApi.h:12,
                 from FBApi.cpp:8:
/usr/include/ctype.h: At global scope:
/usr/include/ctype.h:30:1: error: ‘__BEGIN_DECLS’ does not name a type
In file included from /usr/include/c++/4.6/cctype:44:0,
                 from /usr/include/c++/4.6/bits/localefwd.h:44,
                 from /usr/include/c++/4.6/string:45,
                 from ../Qt5.2.1/5.2.1/gcc/include/QtCore/qstring.h:50,
                 from ../Qt5.2.1/5.2.1/gcc/include/QtCore/qobject.h:49,
                 from ../Qt5.2.1/5.2.1/gcc/include/QtCore/qabstractanimation.h:45,
                 from ../Qt5.2.1/5.2.1/gcc/include/QtCore/QtCore:4,
                 from ../Qt5.2.1/5.2.1/gcc/include/QtGui/QtGuiDepends:2,
                 from ../Qt5.2.1/5.2.1/gcc/include/QtGui/QtGui:3,
                 from FBApi.h:12,
                 from FBApi.cpp:8:
/usr/include/ctype.h:82:6: error: expected initializer before ‘__THROW’
/usr/include/ctype.h:84:6: error: expected initializer before ‘__THROW’
/usr/include/ctype.h:86:6: error: expected initializer before ‘__THROW’
/usr/include/ctype.h:106:1: error: ‘__BEGIN_NAMESPACE_STD’ does not name a type
/usr/include/ctype.h:113:1: error: expected initializer before ‘__THROW’
/usr/include/ctype.h:114:1: error: expected initializer before ‘__THROW’
/usr/include/ctype.h:115:1: error: expected initializer before ‘__THROW’
/usr/include/ctype.h:116:1: error: expected initializer before ‘__THROW’
/usr/include/ctype.h:117:1: error: expected initializer before ‘__THROW’
/usr/include/ctype.h:118:1: error: expected initializer before ‘__THROW’
/usr/include/ctype.h:119:1: error: expected initializer before ‘__THROW’
/usr/include/ctype.h:120:1: error: expected initializer before ‘__THROW’
/usr/include/ctype.h:121:1: error: expected initializer before ‘__THROW’
/usr/include/ctype.h:122:1: error: expected initializer before ‘__THROW’
/usr/include/ctype.h:126:30: error: expected initializer before ‘__THROW’
/usr/include/ctype.h:129:30: error: expected initializer before ‘__THROW’
/usr/include/ctype.h:131:1: error: ‘__END_NAMESPACE_STD’ does not name a type
In file included from /usr/include/c++/4.6/string:45:0,
                 from ../Qt5.2.1/5.2.1/gcc/include/QtCore/qstring.h:50,
                 from ../Qt5.2.1/5.2.1/gcc/include/QtCore/qobject.h:49,
                 from ../Qt5.2.1/5.2.1/gcc/include/QtCore/qabstractanimation.h:45,
                 from ../Qt5.2.1/5.2.1/gcc/include/QtCore/QtCore:4,
                 from ../Qt5.2.1/5.2.1/gcc/include/QtGui/QtGuiDepends:2,
                 from ../Qt5.2.1/5.2.1/gcc/include/QtGui/QtGui:3,
                 from FBApi.h:12,
                 from FBApi.cpp:8:
/usr/include/c++/4.6/bits/localefwd.h:135:40: error: ‘mbstate_t’ was not declared in this scope
/usr/include/c++/4.6/bits/localefwd.h:135:49: error: template argument 3 is invalid
/usr/include/c++/4.6/bits/localefwd.h:137:43: error: ‘mbstate_t’ was not declared in this scope
/usr/include/c++/4.6/bits/localefwd.h:137:52: error: template argument 3 is invalid
In file included from /usr/include/sched.h:34:0,
                 from /usr/include/pthread.h:25,
                 from /usr/include/c++/4.6/i686-linux-gnu/./bits/gthr-default.h:41,
                 from /usr/include/c++/4.6/i686-linux-gnu/./bits/gthr.h:170,
                 from /usr/include/c++/4.6/ext/atomicity.h:34,
                 from /usr/include/c++/4.6/bits/basic_string.h:41,
                 from /usr/include/c++/4.6/string:54,
                 from ../Qt5.2.1/5.2.1/gcc/include/QtCore/qstring.h:50,
                 from ../Qt5.2.1/5.2.1/gcc/include/QtCore/qobject.h:49,
                 from ../Qt5.2.1/5.2.1/gcc/include/QtCore/qabstractanimation.h:45,
                 from ../Qt5.2.1/5.2.1/gcc/include/QtCore/QtCore:4,
                 from ../Qt5.2.1/5.2.1/gcc/include/QtGui/QtGuiDepends:2,
                 from ../Qt5.2.1/5.2.1/gcc/include/QtGui/QtGui:3,
                 from FBApi.h:12,
                 from FBApi.cpp:8:
/usr/include/time.h:74:1: error: ‘__BEGIN_NAMESPACE_STD’ does not name a type
/usr/include/time.h:77:1: error: ‘__END_NAMESPACE_STD’ does not name a type
In file included from /usr/include/sched.h:43:0,
                 from /usr/include/pthread.h:25,
                 from /usr/include/c++/4.6/i686-linux-gnu/./bits/gthr-default.h:41,
                 from /usr/include/c++/4.6/i686-linux-gnu/./bits/gthr.h:170,
                 from /usr/include/c++/4.6/ext/atomicity.h:34,
                 from /usr/include/c++/4.6/bits/basic_string.h:41,
                 from /usr/include/c++/4.6/string:54,
                 from ../Qt5.2.1/5.2.1/gcc/include/QtCore/qstring.h:50,
                 from ../Qt5.2.1/5.2.1/gcc/include/QtCore/qobject.h:49,
                 from ../Qt5.2.1/5.2.1/gcc/include/QtCore/qabstractanimation.h:45,
                 from ../Qt5.2.1/5.2.1/gcc/include/QtCore/QtCore:4,
                 from ../Qt5.2.1/5.2.1/gcc/include/QtGui/QtGuiDepends:2,
                 from ../Qt5.2.1/5.2.1/gcc/include/QtGui/QtGui:3,
                 from FBApi.h:12,
                 from FBApi.cpp:8:
/usr/include/i386-linux-gnu/bits/sched.h:79:1: error: ‘__BEGIN_DECLS’ does not name a type
/usr/include/i386-linux-gnu/bits/sched.h:203:1: error: ‘__BEGIN_DECLS’ does not name a type
/usr/include/i386-linux-gnu/bits/sched.h:207:53: error: expected initializer before ‘__THROW’
/usr/include/i386-linux-gnu/bits/sched.h:208:48: error: expected initializer before ‘__THROW’
/usr/include/i386-linux-gnu/bits/sched.h:210:1: error: ‘__END_DECLS’ does not name a type
In file included from /usr/include/pthread.h:25:0,
                 from /usr/include/c++/4.6/i686-linux-gnu/./bits/gthr-default.h:41,
                 from /usr/include/c++/4.6/i686-linux-gnu/./bits/gthr.h:170,
                 from /usr/include/c++/4.6/ext/atomicity.h:34,
                 from /usr/include/c++/4.6/bits/basic_string.h:41,
                 from /usr/include/c++/4.6/string:54,
                 from ../Qt5.2.1/5.2.1/gcc/include/QtCore/qstring.h:50,
                 from ../Qt5.2.1/5.2.1/gcc/include/QtCore/qobject.h:49,
                 from ../Qt5.2.1/5.2.1/gcc/include/QtCore/qabstractanimation.h:45,
                 from ../Qt5.2.1/5.2.1/gcc/include/QtCore/QtCore:4,
                 from ../Qt5.2.1/5.2.1/gcc/include/QtGui/QtGuiDepends:2,
                 from ../Qt5.2.1/5.2.1/gcc/include/QtGui/QtGui:3,
                 from FBApi.h:12,
                 from FBApi.cpp:8:
/usr/include/sched.h:55:72: error: expected initializer before ‘__THROW’
/usr/include/sched.h:59:48: error: expected initializer before ‘__THROW’
/usr/include/sched.h:62:47: error: expected initializer before ‘__THROW’
/usr/include/sched.h:65:31: error: expected initializer before ‘__THROW’
/usr/include/sched.h:68:53: error: expected initializer before ‘__THROW’
/usr/include/sched.h:71:53: error: expected initializer before ‘__THROW’
/usr/include/sched.h:74:72: error: expected initializer before ‘__THROW’
/usr/include/sched.h:126:1: error: ‘__END_DECLS’ does not name a type
In file included from /usr/include/pthread.h:26:0,
                 from /usr/include/c++/4.6/i686-linux-gnu/./bits/gthr-default.h:41,
                 from /usr/include/c++/4.6/i686-linux-gnu/./bits/gthr.h:170,
                 from /usr/include/c++/4.6/ext/atomicity.h:34,
                 from /usr/include/c++/4.6/bits/basic_string.h:41,
                 from /usr/include/c++/4.6/string:54,
                 from ../Qt5.2.1/5.2.1/gcc/include/QtCore/qstring.h:50,
                 from ../Qt5.2.1/5.2.1/gcc/include/QtCore/qobject.h:49,
                 from ../Qt5.2.1/5.2.1/gcc/include/QtCore/qabstractanimation.h:45,
                 from ../Qt5.2.1/5.2.1/gcc/include/QtCore/QtCore:4,
                 from ../Qt5.2.1/5.2.1/gcc/include/QtGui/QtGuiDepends:2,
                 from ../Qt5.2.1/5.2.1/gcc/include/QtGui/QtGui:3,
                 from FBApi.h:12,
                 from FBApi.cpp:8:
/usr/include/time.h:58:1: error: ‘__BEGIN_NAMESPACE_STD’ does not name a type
/usr/include/time.h:61:1: error: ‘__END_NAMESPACE_STD’ does not name a type
/usr/include/time.h:153:1: error: ‘__END_NAMESPACE_STD’ does not name a type
/usr/include/time.h:186:8: error: ‘time_t’ does not name a type
/usr/include/time.h:189:25: error: ‘time_t’ was not declared in this scope
/usr/include/time.h:189:41: error: ‘time_t’ was not declared in this scope
/usr/include/time.h:189:55: error: expression list treated as compound expression in initializer [-fpermissive]
/usr/include/time.h:190:6: error: expected ‘,’ or ‘;’ before ‘__THROW’
/usr/include/time.h:193:8: error: ‘time_t’ does not name a type
/usr/include/time.h:201:40: error: expected initializer before ‘__THROW’
/usr/include/time.h:202:1: error: ‘__END_NAMESPACE_STD’ does not name a type
/usr/include/time.h:237:38: error: ‘time_t’ does not name a type
/usr/include/time.h:237:55: error: expected initializer before ‘__THROW’
/usr/include/time.h:238:1: error: ‘__END_NAMESPACE_STD’ does not name a type
/usr/include/time.h:258:29: error: ‘time_t’ does not name a type
/usr/include/time.h:258:46: error: expected initializer before ‘__THROW’
/usr/include/time.h:259:1: error: ‘__END_NAMESPACE_STD’ does not name a type
/usr/include/time.h:417:1: error: ‘__END_DECLS’ does not name a type
In file included from /usr/include/c++/4.6/i686-linux-gnu/./bits/gthr-default.h:41:0,
                 from /usr/include/c++/4.6/i686-linux-gnu/./bits/gthr.h:170,
                 from /usr/include/c++/4.6/ext/atomicity.h:34,
                 from /usr/include/c++/4.6/bits/basic_string.h:41,
                 from /usr/include/c++/4.6/string:54,
                 from ../Qt5.2.1/5.2.1/gcc/include/QtCore/qstring.h:50,
                 from ../Qt5.2.1/5.2.1/gcc/include/QtCore/qobject.h:49,
                 from ../Qt5.2.1/5.2.1/gcc/include/QtCore/qabstractanimation.h:45,
                 from ../Qt5.2.1/5.2.1/gcc/include/QtCore/QtCore:4,
                 from ../Qt5.2.1/5.2.1/gcc/include/QtGui/QtGuiDepends:2,
                 from ../Qt5.2.1/5.2.1/gcc/include/QtGui/QtGui:3,
                 from FBApi.h:12,
                 from FBApi.cpp:8:
/usr/include/pthread.h:220:1: error: ‘__BEGIN_DECLS’ does not name a type
/usr/include/pthread.h:242:26: error: ‘pthread_t’ was not declared in this scope
/usr/include/pthread.h:242:42: error: expected primary-expression before ‘void’
/usr/include/pthread.h:242:64: error: expression list treated as compound expression in initializer [-fpermissive]
/usr/include/pthread.h:263:28: error: ‘pthread_t’ was not declared in this scope
/usr/include/pthread.h:263:44: error: expected ‘,’ or ‘;’ before ‘__THROW’
/usr/include/pthread.h:267:8: error: ‘pthread_t’ does not name a type
/usr/include/pthread.h:270:27: error: ‘pthread_t’ was not declared in this scope
/usr/include/pthread.h:270:48: error: ‘pthread_t’ was not declared in this scope
/usr/include/pthread.h:270:67: error: expression list treated as compound expression in initializer [-fpermissive]
/usr/include/pthread.h:270:69: error: expected ‘,’ or ‘;’ before ‘__THROW’
/usr/include/pthread.h:278:55: error: expected initializer before ‘__THROW’
/usr/include/pthread.h:282:6: error: expected initializer before ‘__THROW’
/usr/include/pthread.h:287:6: error: expected initializer before ‘__THROW’
/usr/include/pthread.h:292:6: error: expected initializer before ‘__THROW’
/usr/include/pthread.h:298:6: error: expected initializer before ‘__THROW’
/usr/include/pthread.h:303:6: error: expected initializer before ‘__THROW’
/usr/include/pthread.h:310:6: error: expected initializer before ‘__THROW’
/usr/include/pthread.h:315:21: error: expected initializer before ‘__THROW’
/usr/include/pthread.h:320:6: error: expected initializer before ‘__THROW’
/usr/include/pthread.h:324:6: error: expected initializer before ‘__THROW’
/usr/include/pthread.h:329:6: error: expected initializer before ‘__THROW’
/usr/include/pthread.h:334:6: error: expected initializer before ‘__THROW’
/usr/include/pthread.h:340:6: error: expected initializer before ‘__THROW’
/usr/include/pthread.h:344:6: error: expected initializer before ‘__THROW’
/usr/include/pthread.h:349:6: error: expected initializer before ‘__THROW’
/usr/include/pthread.h:357:6: error: expected initializer before ‘__THROW’
/usr/include/pthread.h:362:6: error: expected initializer before ‘__THROW’
/usr/include/pthread.h:369:6: error: expected initializer before ‘__THROW’
/usr/include/pthread.h:413:35: error: ‘pthread_t’ was not declared in this scope
/usr/include/pthread.h:413:62: error: expected primary-expression before ‘int’
/usr/include/pthread.h:414:7: error: expected primary-expression before ‘__const’
/usr/include/pthread.h:414:42: error: expression list treated as compound expression in initializer [-fpermissive]
/usr/include/pthread.h:415:6: error: expected ‘,’ or ‘;’ before ‘__THROW’
/usr/include/pthread.h:418:35: error: ‘pthread_t’ was not declared in this scope
/usr/include/pthread.h:419:7: error: expected primary-expression before ‘int’
/usr/include/pthread.h:420:7: error: expected primary-expression before ‘struct’
/usr/include/pthread.h:420:45: error: expression list treated as compound expression in initializer [-fpermissive]
/usr/include/pthread.h:421:6: error: expected ‘,’ or ‘;’ before ‘__THROW’
/usr/include/pthread.h:424:34: error: ‘pthread_t’ was not declared in this scope
/usr/include/pthread.h:424:61: error: expected primary-expression before ‘int’
/usr/include/pthread.h:424:71: error: expression list treated as compound expression in initializer [-fpermissive]
/usr/include/pthread.h:425:6: error: expected ‘,’ or ‘;’ before ‘__THROW’
/usr/include/pthread.h:479:36: error: expected initializer before ‘__nonnull’
/usr/include/pthread.h:497:28: error: ‘pthread_t’ was not declared in this scope
/usr/include/pthread.h:727:70: error: expected initializer before ‘__THROW’
/usr/include/pthread.h:735:6: error: expected initializer before ‘__THROW’
/usr/include/pthread.h:739:6: error: expected initializer before ‘__THROW’
/usr/include/pthread.h:743:6: error: expected initializer before ‘__THROWNL’
/usr/include/pthread.h:747:6: error: expected initializer before ‘__THROWNL’
/usr/include/pthread.h:758:6: error: expected initializer before ‘__THROWNL’
/usr/include/pthread.h:765:6: error: expected initializer before ‘__THROW’
/usr/include/pthread.h:772:6: error: expected initializer before ‘__THROW’
/usr/include/pthread.h:791:6: error: expected initializer before ‘__THROW’
/usr/include/pthread.h:795:6: error: expected initializer before ‘__THROW’
/usr/include/pthread.h:801:6: error: expected initializer before ‘__THROW’
/usr/include/pthread.h:806:6: error: expected initializer before ‘__THROW’
/usr/include/pthread.h:825:6: error: expected initializer before ‘__THROW’
/usr/include/pthread.h:831:6: error: expected initializer before ‘__THROW’
/usr/include/pthread.h:837:6: error: expected initializer before ‘__THROW’
/usr/include/pthread.h:842:6: error: expected initializer before ‘__THROW’
/usr/include/pthread.h:954:23: error: expected initializer before ‘__THROW’
/usr/include/pthread.h:958:6: error: expected initializer before ‘__THROW’
/usr/include/pthread.h:962:6: error: expected initializer before ‘__THROWNL’
/usr/include/pthread.h:966:6: error: expected initializer before ‘__THROWNL’
/usr/include/pthread.h:975:6: error: expected initializer before ‘__nonnull’
/usr/include/pthread.h:987:19: error: expected initializer before ‘__nonnull’
/usr/include/pthread.h:993:6: error: expected initializer before ‘__THROW’
/usr/include/pthread.h:997:6: error: expected initializer before ‘__THROW’
/usr/include/pthread.h:1003:6: error: expected initializer before ‘__THROW’
/usr/include/pthread.h:1007:21: error: expected initializer before ‘__THROW’
/usr/include/pthread.h:1097:6: error: expected initializer before ‘__THROW’
/usr/include/pthread.h:1100:53: error: expected initializer before ‘__THROW’
/usr/include/pthread.h:1103:56: error: expected initializer before ‘__THROW’
/usr/include/pthread.h:1107:30: error: expected initializer before ‘__THROW’
/usr/include/pthread.h:1131:31: error: expected initializer before ‘__THROW’
/usr/include/pthread.h:1143:1: error: ‘__END_DECLS’ does not name a type
In file included from /usr/include/c++/4.6/i686-linux-gnu/./bits/gthr-default.h:42:0,
                 from /usr/include/c++/4.6/i686-linux-gnu/./bits/gthr.h:170,
                 from /usr/include/c++/4.6/ext/atomicity.h:34,
                 from /usr/include/c++/4.6/bits/basic_string.h:41,
                 from /usr/include/c++/4.6/string:54,
                 from ../Qt5.2.1/5.2.1/gcc/include/QtCore/qstring.h:50,
                 from ../Qt5.2.1/5.2.1/gcc/include/QtCore/qobject.h:49,
                 from ../Qt5.2.1/5.2.1/gcc/include/QtCore/qabstractanimation.h:45,
                 from ../Qt5.2.1/5.2.1/gcc/include/QtCore/QtCore:4,
                 from ../Qt5.2.1/5.2.1/gcc/include/QtGui/QtGuiDepends:2,
                 from ../Qt5.2.1/5.2.1/gcc/include/QtGui/QtGui:3,
                 from FBApi.h:12,
                 from FBApi.cpp:8:
/usr/include/unistd.h:288:54: error: expected initializer before ‘__THROW’
/usr/include/unistd.h:335:65: error: expected initializer before ‘__THROW’
/usr/include/unistd.h:361:8: error: ‘ssize_t’ does not name a type
/usr/include/unistd.h:367:8: error: ‘ssize_t’ does not name a type
/usr/include/unistd.h:418:36: error: expected initializer before ‘__THROW’
/usr/include/unistd.h:433:52: error: expected initializer before ‘__THROW’
/usr/include/unistd.h:475:6: error: expected initializer before ‘__THROW’
/usr/include/unistd.h:498:41: error: expected initializer before ‘__THROW’
/usr/include/unistd.h:512:50: error: expected initializer before ‘__THROW’
/usr/include/unistd.h:532:27: error: expected initializer before ‘__THROW’
/usr/include/unistd.h:535:39: error: expected initializer before ‘__THROW’
/usr/include/unistd.h:553:30: error: expected initializer before ‘__THROW’
/usr/include/unistd.h:565:6: error: expected initializer before ‘__THROW’
/usr/include/unistd.h:570:6: error: expected initializer before ‘__THROW’
/usr/include/unistd.h:575:6: error: expected initializer before ‘__THROW’
/usr/include/unistd.h:580:6: error: expected initializer before ‘__THROW’
/usr/include/unistd.h:586:6: error: expected initializer before ‘__THROW’
In file included from /usr/include/c++/4.6/i686-linux-gnu/./bits/gthr-default.h:42:0,
                 from /usr/include/c++/4.6/i686-linux-gnu/./bits/gthr.h:170,
                 from /usr/include/c++/4.6/ext/atomicity.h:34,
                 from /usr/include/c++/4.6/bits/basic_string.h:41,
                 from /usr/include/c++/4.6/string:54,
                 from ../Qt5.2.1/5.2.1/gcc/include/QtCore/qstring.h:50,
                 from ../Qt5.2.1/5.2.1/gcc/include/QtCore/qobject.h:49,
                 from ../Qt5.2.1/5.2.1/gcc/include/QtCore/qabstractanimation.h:45,
                 from ../Qt5.2.1/5.2.1/gcc/include/QtCore/QtCore:4,
                 from ../Qt5.2.1/5.2.1/gcc/include/QtGui/QtGuiDepends:2,
                 from ../Qt5.2.1/5.2.1/gcc/include/QtGui/QtGui:3,
                 from FBApi.h:12,
                 from FBApi.cpp:8:
/usr/include/unistd.h:614:6: error: expected initializer before ‘__THROW’
/usr/include/unistd.h:617:50: error: expected initializer before ‘__THROW’
/usr/include/unistd.h:620:38: error: expected initializer before ‘__THROW’
/usr/include/unistd.h:629:30: error: expected initializer before ‘__THROW’
/usr/include/unistd.h:632:31: error: expected initializer before ‘__THROW’
/usr/include/unistd.h:637:31: error: expected initializer before ‘__THROW’
/usr/include/unistd.h:647:42: error: expected initializer before ‘__THROW’
/usr/include/unistd.h:656:52: error: expected initializer before ‘__THROW’
/usr/include/unistd.h:690:30: error: expected initializer before ‘__THROW’
/usr/include/unistd.h:698:30: error: expected initializer before ‘__THROW’
/usr/include/unistd.h:701:31: error: expected initializer before ‘__THROW’
/usr/include/unistd.h:704:30: error: expected initializer before ‘__THROW’
/usr/include/unistd.h:707:31: error: expected initializer before ‘__THROW’
/usr/include/unistd.h:712:53: error: expected initializer before ‘__THROW’
/usr/include/unistd.h:723:35: error: expected initializer before ‘__THROW’
/usr/include/unistd.h:740:35: error: expected initializer before ‘__THROW’
/usr/include/unistd.h:779:28: error: expected initializer before ‘__THROWNL’
/usr/include/unistd.h:793:33: error: expected initializer before ‘__THROW’
/usr/include/unistd.h:798:6: error: expected initializer before ‘__THROW’
/usr/include/unistd.h:802:30: error: expected initializer before ‘__THROW’
/usr/include/unistd.h:814:6: error: expected initializer before ‘__THROW’
/usr/include/unistd.h:849:42: error: expected initializer before ‘__THROW’
/usr/include/unistd.h:858:41: error: expected initializer before ‘__THROW’
/usr/include/unistd.h:862:37: error: expected initializer before ‘__THROW’
/usr/include/unistd.h:865:52: error: expected initializer before ‘__THROW’
/usr/include/unistd.h:1174:1: error: ‘__END_DECLS’ does not name a type
In file included from /usr/include/c++/4.6/i686-linux-gnu/./bits/gthr.h:170:0,
                 from /usr/include/c++/4.6/ext/atomicity.h:34,
                 from /usr/include/c++/4.6/bits/basic_string.h:41,
                 from /usr/include/c++/4.6/string:54,
                 from ../Qt5.2.1/5.2.1/gcc/include/QtCore/qstring.h:50,
                 from ../Qt5.2.1/5.2.1/gcc/include/QtCore/qobject.h:49,
                 from ../Qt5.2.1/5.2.1/gcc/include/QtCore/qabstractanimation.h:45,
                 from ../Qt5.2.1/5.2.1/gcc/include/QtCore/QtCore:4,
                 from ../Qt5.2.1/5.2.1/gcc/include/QtGui/QtGuiDepends:2,
                 from ../Qt5.2.1/5.2.1/gcc/include/QtGui/QtGui:3,
                 from FBApi.h:12,
                 from FBApi.cpp:8:
/usr/include/c++/4.6/i686-linux-gnu/./bits/gthr-default.h:118:1: error: ‘pthread_once’ was not declared in this scope
/usr/include/c++/4.6/i686-linux-gnu/./bits/gthr-default.h:118:1: error: invalid type in declaration before ‘;’ token
/usr/include/c++/4.6/i686-linux-gnu/./bits/gthr-default.h:119:1: error: ‘pthread_getspecific’ was not declared in this scope
/usr/include/c++/4.6/i686-linux-gnu/./bits/gthr-default.h:119:1: error: invalid type in declaration before ‘;’ token
/usr/include/c++/4.6/i686-linux-gnu/./bits/gthr-default.h:120:1: error: ‘pthread_setspecific’ was not declared in this scope
/usr/include/c++/4.6/i686-linux-gnu/./bits/gthr-default.h:120:1: error: invalid type in declaration before ‘;’ token
/usr/include/c++/4.6/i686-linux-gnu/./bits/gthr-default.h:122:1: error: ‘pthread_create’ was not declared in this scope
/usr/include/c++/4.6/i686-linux-gnu/./bits/gthr-default.h:122:1: error: invalid type in declaration before ‘;’ token
/usr/include/c++/4.6/i686-linux-gnu/./bits/gthr-default.h:125:1: error: ‘pthread_self’ was not declared in this scope
/usr/include/c++/4.6/i686-linux-gnu/./bits/gthr-default.h:125:1: error: invalid type in declaration before ‘;’ token
/usr/include/c++/4.6/i686-linux-gnu/./bits/gthr-default.h:130:1: error: ‘sched_yield’ was not declared in this scope
/usr/include/c++/4.6/i686-linux-gnu/./bits/gthr-default.h:130:1: error: invalid type in declaration before ‘;’ token
/usr/include/c++/4.6/i686-linux-gnu/./bits/gthr-default.h:132:1: error: ‘pthread_mutex_lock’ was not declared in this scope
/usr/include/c++/4.6/i686-linux-gnu/./bits/gthr-default.h:132:1: error: invalid type in declaration before ‘;’ token
/usr/include/c++/4.6/i686-linux-gnu/./bits/gthr-default.h:133:1: error: ‘pthread_mutex_trylock’ was not declared in this scope
/usr/include/c++/4.6/i686-linux-gnu/./bits/gthr-default.h:133:1: error: invalid type in declaration before ‘;’ token
/usr/include/c++/4.6/i686-linux-gnu/./bits/gthr-default.h:136:1: error: ‘pthread_mutex_timedlock’ was not declared in this scope
/usr/include/c++/4.6/i686-linux-gnu/./bits/gthr-default.h:136:1: error: invalid type in declaration before ‘;’ token
/usr/include/c++/4.6/i686-linux-gnu/./bits/gthr-default.h:139:1: error: ‘pthread_mutex_unlock’ was not declared in this scope
/usr/include/c++/4.6/i686-linux-gnu/./bits/gthr-default.h:139:1: error: invalid type in declaration before ‘;’ token
/usr/include/c++/4.6/i686-linux-gnu/./bits/gthr-default.h:140:1: error: ‘pthread_mutex_init’ was not declared in this scope
/usr/include/c++/4.6/i686-linux-gnu/./bits/gthr-default.h:140:1: error: invalid type in declaration before ‘;’ token
/usr/include/c++/4.6/i686-linux-gnu/./bits/gthr-default.h:141:1: error: ‘pthread_mutex_destroy’ was not declared in this scope
/usr/include/c++/4.6/i686-linux-gnu/./bits/gthr-default.h:141:1: error: invalid type in declaration before ‘;’ token
/usr/include/c++/4.6/i686-linux-gnu/./bits/gthr-default.h:143:1: error: ‘pthread_cond_broadcast’ was not declared in this scope
/usr/include/c++/4.6/i686-linux-gnu/./bits/gthr-default.h:143:1: error: invalid type in declaration before ‘;’ token
/usr/include/c++/4.6/i686-linux-gnu/./bits/gthr-default.h:144:1: error: ‘pthread_cond_signal’ was not declared in this scope
/usr/include/c++/4.6/i686-linux-gnu/./bits/gthr-default.h:144:1: error: invalid type in declaration before ‘;’ token
/usr/include/c++/4.6/i686-linux-gnu/./bits/gthr-default.h:145:1: error: ‘pthread_cond_wait’ was not declared in this scope
/usr/include/c++/4.6/i686-linux-gnu/./bits/gthr-default.h:145:1: error: invalid type in declaration before ‘;’ token
/usr/include/c++/4.6/i686-linux-gnu/./bits/gthr-default.h:146:1: error: ‘pthread_cond_timedwait’ was not declared in this scope
/usr/include/c++/4.6/i686-linux-gnu/./bits/gthr-default.h:146:1: error: invalid type in declaration before ‘;’ token
/usr/include/c++/4.6/i686-linux-gnu/./bits/gthr-default.h:147:1: error: ‘pthread_cond_destroy’ was not declared in this scope
/usr/include/c++/4.6/i686-linux-gnu/./bits/gthr-default.h:147:1: error: invalid type in declaration before ‘;’ token
/usr/include/c++/4.6/i686-linux-gnu/./bits/gthr-default.h:150:1: error: ‘pthread_key_create’ was not declared in this scope
/usr/include/c++/4.6/i686-linux-gnu/./bits/gthr-default.h:150:1: error: invalid type in declaration before ‘;’ token
/usr/include/c++/4.6/i686-linux-gnu/./bits/gthr-default.h:151:1: error: ‘pthread_key_delete’ was not declared in this scope
/usr/include/c++/4.6/i686-linux-gnu/./bits/gthr-default.h:151:1: error: invalid type in declaration before ‘;’ token
/usr/include/c++/4.6/i686-linux-gnu/./bits/gthr-default.h:152:1: error: ‘pthread_mutexattr_init’ was not declared in this scope
/usr/include/c++/4.6/i686-linux-gnu/./bits/gthr-default.h:152:1: error: invalid type in declaration before ‘;’ token
/usr/include/c++/4.6/i686-linux-gnu/./bits/gthr-default.h:153:1: error: ‘pthread_mutexattr_settype’ was not declared in this scope
/usr/include/c++/4.6/i686-linux-gnu/./bits/gthr-default.h:153:1: error: invalid type in declaration before ‘;’ token
/usr/include/c++/4.6/i686-linux-gnu/./bits/gthr-default.h:154:1: error: ‘pthread_mutexattr_destroy’ was not declared in this scope
/usr/include/c++/4.6/i686-linux-gnu/./bits/gthr-default.h:154:1: error: invalid type in declaration before ‘;’ token
/usr/include/c++/4.6/i686-linux-gnu/./bits/gthr-default.h:660:19: error: ‘__gthread_create’ declared as an ‘inline’ variable
/usr/include/c++/4.6/i686-linux-gnu/./bits/gthr-default.h:660:19: error: ‘__gthread_t’ was not declared in this scope
/usr/include/c++/4.6/i686-linux-gnu/./bits/gthr-default.h:660:32: error: ‘__threadid’ was not declared in this scope
/usr/include/c++/4.6/i686-linux-gnu/./bits/gthr-default.h:660:44: error: expected primary-expression before ‘void’
/usr/include/c++/4.6/i686-linux-gnu/./bits/gthr-default.h:661:5: error: expected primary-expression before ‘void’
/usr/include/c++/4.6/i686-linux-gnu/./bits/gthr-default.h:661:17: error: expression list treated as compound expression in initializer [-fpermissive]
/usr/include/c++/4.6/i686-linux-gnu/./bits/gthr-default.h:662:1: error: expected ‘,’ or ‘;’ before ‘{’ token
/usr/include/c++/4.6/i686-linux-gnu/./bits/gthr-default.h:667:17: error: ‘__gthread_join’ declared as an ‘inline’ variable
/usr/include/c++/4.6/i686-linux-gnu/./bits/gthr-default.h:667:17: error: ‘__gthread_t’ was not declared in this scope
/usr/include/c++/4.6/i686-linux-gnu/./bits/gthr-default.h:667:41: error: expected primary-expression before ‘void’
/usr/include/c++/4.6/i686-linux-gnu/./bits/gthr-default.h:667:59: error: expression list treated as compound expression in initializer [-fpermissive]
/usr/include/c++/4.6/i686-linux-gnu/./bits/gthr-default.h:668:1: error: expected ‘,’ or ‘;’ before ‘{’ token
/usr/include/c++/4.6/i686-linux-gnu/./bits/gthr-default.h:673:19: error: ‘__gthread_detach’ declared as an ‘inline’ variable
/usr/include/c++/4.6/i686-linux-gnu/./bits/gthr-default.h:673:19: error: ‘__gthread_t’ was not declared in this scope
/usr/include/c++/4.6/i686-linux-gnu/./bits/gthr-default.h:674:1: error: expected ‘,’ or ‘;’ before ‘{’ token
/usr/include/c++/4.6/i686-linux-gnu/./bits/gthr-default.h:679:18: error: ‘__gthread_equal’ declared as an ‘inline’ variable
/usr/include/c++/4.6/i686-linux-gnu/./bits/gthr-default.h:679:18: error: ‘__gthread_t’ was not declared in this scope
/usr/include/c++/4.6/i686-linux-gnu/./bits/gthr-default.h:679:36: error: ‘__gthread_t’ was not declared in this scope
/usr/include/c++/4.6/i686-linux-gnu/./bits/gthr-default.h:679:52: error: expression list treated as compound expression in initializer [-fpermissive]
/usr/include/c++/4.6/i686-linux-gnu/./bits/gthr-default.h:680:1: error: expected ‘,’ or ‘;’ before ‘{’ token
/usr/include/c++/4.6/i686-linux-gnu/./bits/gthr-default.h:684:15: error: ‘__gthread_t’ does not name a type
/usr/include/c++/4.6/i686-linux-gnu/./bits/gthr-default.h: In function ‘int __gthread_yield()’:
/usr/include/c++/4.6/i686-linux-gnu/./bits/gthr-default.h:693:33: error: ‘__gthrw_sched_yield’ cannot be used as a function
/usr/include/c++/4.6/i686-linux-gnu/./bits/gthr-default.h: In function ‘int __gthread_once(__gthread_once_t*, void (*)())’:
/usr/include/c++/4.6/i686-linux-gnu/./bits/gthr-default.h:700:50: error: ‘__gthrw_pthread_once’ cannot be used as a function
/usr/include/c++/4.6/i686-linux-gnu/./bits/gthr-default.h: In function ‘int __gthread_key_create(__gthread_key_t*, void (*)(void*))’:
/usr/include/c++/4.6/i686-linux-gnu/./bits/gthr-default.h:708:53: error: ‘__gthrw_pthread_key_create’ cannot be used as a function
/usr/include/c++/4.6/i686-linux-gnu/./bits/gthr-default.h: In function ‘int __gthread_key_delete(__gthread_key_t)’:
/usr/include/c++/4.6/i686-linux-gnu/./bits/gthr-default.h:714:45: error: ‘__gthrw_pthread_key_delete’ cannot be used as a function
/usr/include/c++/4.6/i686-linux-gnu/./bits/gthr-default.h: In function ‘void* __gthread_getspecific(__gthread_key_t)’:
/usr/include/c++/4.6/i686-linux-gnu/./bits/gthr-default.h:720:46: error: ‘__gthrw_pthread_getspecific’ cannot be used as a function
/usr/include/c++/4.6/i686-linux-gnu/./bits/gthr-default.h: In function ‘int __gthread_setspecific(__gthread_key_t, const void*)’:
/usr/include/c++/4.6/i686-linux-gnu/./bits/gthr-default.h:726:53: error: ‘__gthrw_pthread_setspecific’ cannot be used as a function
/usr/include/c++/4.6/i686-linux-gnu/./bits/gthr-default.h: In function ‘int __gthread_mutex_destroy(__gthread_mutex_t*)’:
/usr/include/c++/4.6/i686-linux-gnu/./bits/gthr-default.h:733:52: error: ‘__gthrw_pthread_mutex_destroy’ cannot be used as a function
/usr/include/c++/4.6/i686-linux-gnu/./bits/gthr-default.h: In function ‘int __gthread_mutex_lock(__gthread_mutex_t*)’:
/usr/include/c++/4.6/i686-linux-gnu/./bits/gthr-default.h:742:49: error: ‘__gthrw_pthread_mutex_lock’ cannot be used as a function
/usr/include/c++/4.6/i686-linux-gnu/./bits/gthr-default.h: In function ‘int __gthread_mutex_trylock(__gthread_mutex_t*)’:
/usr/include/c++/4.6/i686-linux-gnu/./bits/gthr-default.h:751:52: error: ‘__gthrw_pthread_mutex_trylock’ cannot be used as a function
/usr/include/c++/4.6/i686-linux-gnu/./bits/gthr-default.h: In function ‘int __gthread_mutex_timedlock(__gthread_mutex_t*, const __gthread_time_t*)’:
/usr/include/c++/4.6/i686-linux-gnu/./bits/gthr-default.h:763:69: error: ‘__gthrw_pthread_mutex_timedlock’ cannot be used as a function
/usr/include/c++/4.6/i686-linux-gnu/./bits/gthr-default.h: In function ‘int __gthread_mutex_unlock(__gthread_mutex_t*)’:
/usr/include/c++/4.6/i686-linux-gnu/./bits/gthr-default.h:774:51: error: ‘__gthrw_pthread_mutex_unlock’ cannot be used as a function
/usr/include/c++/4.6/i686-linux-gnu/./bits/gthr-default.h: In function ‘int __gthread_recursive_mutex_init_function(__gthread_recursive_mutex_t*)’:
/usr/include/c++/4.6/i686-linux-gnu/./bits/gthr-default.h:788:54: error: ‘__gthrw_pthread_mutexattr_init’ cannot be used as a function
/usr/include/c++/4.6/i686-linux-gnu/./bits/gthr-default.h:791:10: error: ‘PTHREAD_MUTEX_RECURSIVE’ was not declared in this scope
/usr/include/c++/4.6/i686-linux-gnu/./bits/gthr-default.h:791:33: error: ‘__gthrw_pthread_mutexattr_settype’ cannot be used as a function
/usr/include/c++/4.6/i686-linux-gnu/./bits/gthr-default.h:793:54: error: ‘__gthrw_pthread_mutex_init’ cannot be used as a function
/usr/include/c++/4.6/i686-linux-gnu/./bits/gthr-default.h:795:52: error: ‘__gthrw_pthread_mutexattr_destroy’ cannot be used as a function
/usr/include/c++/4.6/i686-linux-gnu/./bits/gthr-default.h: In function ‘int __gthread_cond_broadcast(__gthread_cond_t*)’:
/usr/include/c++/4.6/i686-linux-gnu/./bits/gthr-default.h:834:50: error: ‘__gthrw_pthread_cond_broadcast’ cannot be used as a function
/usr/include/c++/4.6/i686-linux-gnu/./bits/gthr-default.h: In function ‘int __gthread_cond_signal(__gthread_cond_t*)’:
/usr/include/c++/4.6/i686-linux-gnu/./bits/gthr-default.h:840:47: error: ‘__gthrw_pthread_cond_signal’ cannot be used as a function
/usr/include/c++/4.6/i686-linux-gnu/./bits/gthr-default.h: In function ‘int __gthread_cond_wait(__gthread_cond_t*, __gthread_mutex_t*)’:
/usr/include/c++/4.6/i686-linux-gnu/./bits/gthr-default.h:846:54: error: ‘__gthrw_pthread_cond_wait’ cannot be used as a function
/usr/include/c++/4.6/i686-linux-gnu/./bits/gthr-default.h: In function ‘int __gthread_cond_timedwait(__gthread_cond_t*, __gthread_mutex_t*, const __gthread_time_t*)’:
/usr/include/c++/4.6/i686-linux-gnu/./bits/gthr-default.h:853:74: error: ‘__gthrw_pthread_cond_timedwait’ cannot be used as a function
/usr/include/c++/4.6/i686-linux-gnu/./bits/gthr-default.h: In function ‘int __gthread_cond_destroy(__gthread_cond_t*)’:
/usr/include/c++/4.6/i686-linux-gnu/./bits/gthr-default.h:874:48: error: ‘__gthrw_pthread_cond_destroy’ cannot be used as a function
In file included from ../Qt5.2.1/5.2.1/gcc/include/QtCore/qobject.h:49:0,
                 from ../Qt5.2.1/5.2.1/gcc/include/QtCore/qabstractanimation.h:45,
                 from ../Qt5.2.1/5.2.1/gcc/include/QtCore/QtCore:4,
                 from ../Qt5.2.1/5.2.1/gcc/include/QtGui/QtGuiDepends:2,
                 from ../Qt5.2.1/5.2.1/gcc/include/QtGui/QtGui:3,
                 from FBApi.h:12,
                 from FBApi.cpp:8:
../Qt5.2.1/5.2.1/gcc/include/QtCore/qstring.h: In constructor ‘QLatin1String::QLatin1String(const char*)’:
../Qt5.2.1/5.2.1/gcc/include/QtCore/qstring.h:89:92: error: ‘strlen’ was not declared in this scope
In file included from ../Qt5.2.1/5.2.1/gcc/include/QtCore/qobject.h:49:0,
                 from ../Qt5.2.1/5.2.1/gcc/include/QtCore/qabstractanimation.h:45,
                 from ../Qt5.2.1/5.2.1/gcc/include/QtCore/QtCore:4,
                 from ../Qt5.2.1/5.2.1/gcc/include/QtGui/QtGuiDepends:2,
                 from ../Qt5.2.1/5.2.1/gcc/include/QtGui/QtGui:3,
                 from FBApi.h:12,
                 from FBApi.cpp:8:
../Qt5.2.1/5.2.1/gcc/include/QtCore/qstring.h: At global scope:
../Qt5.2.1/5.2.1/gcc/include/QtCore/qstring.h:197:16: error: field ‘str’ has incomplete type
../Qt5.2.1/5.2.1/gcc/include/QtCore/qstring.h: In member function ‘QStringData* QStaticStringData<N>::data_ptr() const’:
../Qt5.2.1/5.2.1/gcc/include/QtCore/qstring.h:203:75: error: ‘str’ was not declared in this scope
../Qt5.2.1/5.2.1/gcc/include/QtCore/qstring.h: In member function ‘int QString::size() const’:
../Qt5.2.1/5.2.1/gcc/include/QtCore/qstring.h:233:41: error: ‘QString::Data’ has no member named ‘size’
../Qt5.2.1/5.2.1/gcc/include/QtCore/qstring.h: In member function ‘int QString::count() const’:
../Qt5.2.1/5.2.1/gcc/include/QtCore/qstring.h:234:42: error: ‘QString::Data’ has no member named ‘size’
../Qt5.2.1/5.2.1/gcc/include/QtCore/qstring.h: In member function ‘QString& QString::operator+=(QChar)’:
../Qt5.2.1/5.2.1/gcc/include/QtCore/qstring.h:401:16: error: ‘QString::Data’ has no member named ‘ref’
../Qt5.2.1/5.2.1/gcc/include/QtCore/qstring.h:401:42: error: ‘QString::Data’ has no member named ‘size’
../Qt5.2.1/5.2.1/gcc/include/QtCore/qstring.h:401:58: error: ‘QString::Data’ has no member named ‘alloc’
../Qt5.2.1/5.2.1/gcc/include/QtCore/qstring.h:402:33: error: ‘QString::Data’ has no member named ‘size’
../Qt5.2.1/5.2.1/gcc/include/QtCore/qstring.h:403:22: error: ‘QString::Data’ has no member named ‘size’
../Qt5.2.1/5.2.1/gcc/include/QtCore/qstring.h:404:22: error: ‘QString::Data’ has no member named ‘size’
../Qt5.2.1/5.2.1/gcc/include/QtCore/qstring.h: In static member function ‘static QString QString::fromLatin1(const char*, int)’:
../Qt5.2.1/5.2.1/gcc/include/QtCore/qstring.h:471:95: error: ‘strlen’ was not declared in this scope
../Qt5.2.1/5.2.1/gcc/include/QtCore/qstring.h: In static member function ‘static QString QString::fromUtf8(const char*, int)’:
../Qt5.2.1/5.2.1/gcc/include/QtCore/qstring.h:476:73: error: ‘strlen’ was not declared in this scope
../Qt5.2.1/5.2.1/gcc/include/QtCore/qstring.h: In static member function ‘static QString QString::fromLocal8Bit(const char*, int)’:
../Qt5.2.1/5.2.1/gcc/include/QtCore/qstring.h:480:78: error: ‘strlen’ was not declared in this scope
../Qt5.2.1/5.2.1/gcc/include/QtCore/qstring.h: In constructor ‘QString::QString(const char*)’:
../Qt5.2.1/5.2.1/gcc/include/QtCore/qstring.h:579:52: error: ‘strlen’ was not declared in this scope
../Qt5.2.1/5.2.1/gcc/include/QtCore/qstring.h: In member function ‘int QString::length() const’:
../Qt5.2.1/5.2.1/gcc/include/QtCore/qstring.h:737:13: error: ‘QString::Data’ has no member named ‘size’
../Qt5.2.1/5.2.1/gcc/include/QtCore/qstring.h: In member function ‘bool QString::isEmpty() const’:
../Qt5.2.1/5.2.1/gcc/include/QtCore/qstring.h:745:13: error: ‘QString::Data’ has no member named ‘size’
../Qt5.2.1/5.2.1/gcc/include/QtCore/qstring.h: In member function ‘void QString::detach()’:
../Qt5.2.1/5.2.1/gcc/include/QtCore/qstring.h:755:10: error: ‘QString::Data’ has no member named ‘ref’
../Qt5.2.1/5.2.1/gcc/include/QtCore/qstring.h:755:32: error: ‘QString::Data’ has no member named ‘offset’
../Qt5.2.1/5.2.1/gcc/include/QtCore/qstring.h:755:84: error: ‘QString::Data’ has no member named ‘size’
../Qt5.2.1/5.2.1/gcc/include/QtCore/qstring.h: In member function ‘bool QString::isDetached() const’:
../Qt5.2.1/5.2.1/gcc/include/QtCore/qstring.h:757:14: error: ‘QString::Data’ has no member named ‘ref’
../Qt5.2.1/5.2.1/gcc/include/QtCore/qstring.h: In copy constructor ‘QString::QString(const QString&)’:
../Qt5.2.1/5.2.1/gcc/include/QtCore/qstring.h:766:32: error: ‘QString::Data’ has no member named ‘ref’
../Qt5.2.1/5.2.1/gcc/include/QtCore/qstring.h: In member function ‘int QString::capacity() const’:
../Qt5.2.1/5.2.1/gcc/include/QtCore/qstring.h:768:13: error: ‘QString::Data’ has no member named ‘alloc’
../Qt5.2.1/5.2.1/gcc/include/QtCore/qstring.h:768:24: error: ‘QString::Data’ has no member named ‘alloc’
../Qt5.2.1/5.2.1/gcc/include/QtCore/qstring.h: In member function ‘int QString::toWCharArray(wchar_t*) const’:
../Qt5.2.1/5.2.1/gcc/include/QtCore/qstring.h:827:56: error: ‘memcpy’ was not declared in this scope
../Qt5.2.1/5.2.1/gcc/include/QtCore/qstring.h: In member function ‘QCharRef::operator QChar() const’:
../Qt5.2.1/5.2.1/gcc/include/QtCore/qstring.h:851:23: error: ‘QString::Data’ has no member named ‘size’
../Qt5.2.1/5.2.1/gcc/include/QtCore/qstring.h: In member function ‘QCharRef& QCharRef::operator=(QChar)’:
../Qt5.2.1/5.2.1/gcc/include/QtCore/qstring.h:853:21: error: ‘QString::Data’ has no member named ‘size’
../Qt5.2.1/5.2.1/gcc/include/QtCore/qstring.h: In destructor ‘QString::~QString()’:
../Qt5.2.1/5.2.1/gcc/include/QtCore/qstring.h:921:38: error: ‘QString::Data’ has no member named ‘ref’
../Qt5.2.1/5.2.1/gcc/include/QtCore/qstring.h:921:69: error: no matching function for call to ‘QTypedArrayData<short unsigned int>::deallocate(QString::Data*&)’
../Qt5.2.1/5.2.1/gcc/include/QtCore/qstring.h:921:69: note: candidate is:
../Qt5.2.1/5.2.1/gcc/include/QtCore/qarraydata.h:227:17: note: static void QTypedArrayData<T>::deallocate(QArrayData*) [with T = short unsigned int]
../Qt5.2.1/5.2.1/gcc/include/QtCore/qarraydata.h:227:17: note:   no known conversion for argument 1 from ‘QString::Data* {aka QTypedArrayData<short unsigned int>*}’ to ‘QArrayData*’
../Qt5.2.1/5.2.1/gcc/include/QtCore/qstring.h: In member function ‘void QString::reserve(int)’:
../Qt5.2.1/5.2.1/gcc/include/QtCore/qstring.h:925:12: error: ‘QString::Data’ has no member named ‘ref’
../Qt5.2.1/5.2.1/gcc/include/QtCore/qstring.h:925:48: error: ‘QString::Data’ has no member named ‘alloc’
../Qt5.2.1/5.2.1/gcc/include/QtCore/qstring.h:926:36: error: ‘QString::Data’ has no member named ‘size’
../Qt5.2.1/5.2.1/gcc/include/QtCore/qstring.h:928:13: error: ‘QString::Data’ has no member named ‘capacityReserved’
../Qt5.2.1/5.2.1/gcc/include/QtCore/qstring.h:930:12: error: ‘QString::Data’ has no member named ‘capacityReserved’
../Qt5.2.1/5.2.1/gcc/include/QtCore/qstring.h: In member function ‘void QString::squeeze()’:
../Qt5.2.1/5.2.1/gcc/include/QtCore/qstring.h:936:12: error: ‘QString::Data’ has no member named ‘ref’
../Qt5.2.1/5.2.1/gcc/include/QtCore/qstring.h:936:38: error: ‘QString::Data’ has no member named ‘size’
../Qt5.2.1/5.2.1/gcc/include/QtCore/qstring.h:936:54: error: ‘QString::Data’ has no member named ‘alloc’
../Qt5.2.1/5.2.1/gcc/include/QtCore/qstring.h:937:29: error: ‘QString::Data’ has no member named ‘size’
../Qt5.2.1/5.2.1/gcc/include/QtCore/qstring.h:939:12: error: ‘QString::Data’ has no member named ‘capacityReserved’
../Qt5.2.1/5.2.1/gcc/include/QtCore/qstring.h:942:12: error: ‘QString::Data’ has no member named ‘capacityReserved’
../Qt5.2.1/5.2.1/gcc/include/QtCore/qstring.h: In member function ‘QChar* QString::end()’:
../Qt5.2.1/5.2.1/gcc/include/QtCore/qstring.h:961:60: error: ‘QString::Data’ has no member named ‘size’
../Qt5.2.1/5.2.1/gcc/include/QtCore/qstring.h: In member function ‘const QChar* QString::end() const’:
../Qt5.2.1/5.2.1/gcc/include/QtCore/qstring.h:963:56: error: ‘QString::Data’ has no member named ‘size’
../Qt5.2.1/5.2.1/gcc/include/QtCore/qstring.h: In member function ‘const QChar* QString::cend() const’:
../Qt5.2.1/5.2.1/gcc/include/QtCore/qstring.h:965:56: error: ‘QString::Data’ has no member named ‘size’
../Qt5.2.1/5.2.1/gcc/include/QtCore/qstring.h: In member function ‘const QChar* QString::constEnd() const’:
../Qt5.2.1/5.2.1/gcc/include/QtCore/qstring.h:967:56: error: ‘QString::Data’ has no member named ‘size’
../Qt5.2.1/5.2.1/gcc/include/QtCore/qstring.h: In function ‘bool operator==(QLatin1String, QLatin1String)’:
../Qt5.2.1/5.2.1/gcc/include/QtCore/qstring.h:984:80: error: ‘memcmp’ was not declared in this scope
../Qt5.2.1/5.2.1/gcc/include/QtCore/qstring.h: In function ‘bool operator!=(QLatin1String, QLatin1String)’:
../Qt5.2.1/5.2.1/gcc/include/QtCore/qstring.h:986:79: error: ‘memcmp’ was not declared in this scope
../Qt5.2.1/5.2.1/gcc/include/QtCore/qstring.h: In function ‘bool operator<(QLatin1String, QLatin1String)’:
../Qt5.2.1/5.2.1/gcc/include/QtCore/qstring.h:988:70: error: ‘memcmp’ was not declared in this scope
../Qt5.2.1/5.2.1/gcc/include/QtCore/qstring.h: In function ‘bool operator<=(QLatin1String, QLatin1String)’:
../Qt5.2.1/5.2.1/gcc/include/QtCore/qstring.h:991:70: error: ‘memcmp’ was not declared in this scope
../Qt5.2.1/5.2.1/gcc/include/QtCore/qstring.h: In function ‘bool operator>(QLatin1String, QLatin1String)’:
../Qt5.2.1/5.2.1/gcc/include/QtCore/qstring.h:994:70: error: ‘memcmp’ was not declared in this scope
../Qt5.2.1/5.2.1/gcc/include/QtCore/qstring.h: In function ‘bool operator>=(QLatin1String, QLatin1String)’:
../Qt5.2.1/5.2.1/gcc/include/QtCore/qstring.h:997:70: error: ‘memcmp’ was not declared in this scope
In file included from /usr/include/c++/4.6/bits/ios_base.h:43:0,
                 from /usr/include/c++/4.6/ios:43,
                 from /usr/include/c++/4.6/ostream:40,
                 from /usr/include/c++/4.6/iterator:64,
                 from ../Qt5.2.1/5.2.1/gcc/include/QtCore/qlist.h:49,
                 from ../Qt5.2.1/5.2.1/gcc/include/QtCore/qobject.h:51,
                 from ../Qt5.2.1/5.2.1/gcc/include/QtCore/qabstractanimation.h:45,
                 from ../Qt5.2.1/5.2.1/gcc/include/QtCore/QtCore:4,
                 from ../Qt5.2.1/5.2.1/gcc/include/QtGui/QtGuiDepends:2,
                 from ../Qt5.2.1/5.2.1/gcc/include/QtGui/QtGui:3,
                 from FBApi.h:12,
                 from FBApi.cpp:8:
/usr/include/c++/4.6/bits/locale_classes.h: At global scope:
/usr/include/c++/4.6/bits/locale_classes.h:348:12: error: ‘__c_locale’ does not name a type
/usr/include/c++/4.6/bits/locale_classes.h:379:24: error: ‘__c_locale’ has not been declared
/usr/include/c++/4.6/bits/locale_classes.h:380:10: error: ‘__c_locale’ has not been declared
/usr/include/c++/4.6/bits/locale_classes.h:382:12: error: ‘__c_locale’ does not name a type
/usr/include/c++/4.6/bits/locale_classes.h:386:25: error: ‘__c_locale’ has not been declared
/usr/include/c++/4.6/bits/locale_classes.h:388:12: error: ‘__c_locale’ does not name a type
/usr/include/c++/4.6/bits/locale_classes.h:393:12: error: ‘__c_locale’ does not name a type
/usr/include/c++/4.6/bits/locale_classes.h:631:7: error: ‘__c_locale’ does not name a type
/usr/include/c++/4.6/bits/locale_classes.h:659:26: error: expected ‘)’ before ‘__cloc’
/usr/include/c++/4.6/bits/locale_classes.h: In constructor ‘std::collate<_CharT>::collate(std::size_t)’:
/usr/include/c++/4.6/bits/locale_classes.h:646:24: error: class ‘std::collate<_CharT>’ does not have any field named ‘_M_c_locale_collate’
/usr/include/c++/4.6/bits/locale_classes.h:646:60: error: there are no arguments to ‘_S_get_c_locale’ that depend on a template parameter, so a declaration of ‘_S_get_c_locale’ must be available [-fpermissive]
/usr/include/c++/4.6/bits/locale_classes.h:646:60: note: (if you use ‘-fpermissive’, G++ will accept your code, but allowing the use of an undeclared name is deprecated)
/usr/include/c++/4.6/bits/locale_classes.h: In destructor ‘virtual std::collate<_CharT>::~collate()’:
/usr/include/c++/4.6/bits/locale_classes.h:723:29: error: ‘_M_c_locale_collate’ was not declared in this scope
In file included from /usr/include/c++/4.6/cwctype:52:0,
                 from /usr/include/c++/4.6/bits/locale_facets.h:41,
                 from /usr/include/c++/4.6/bits/basic_ios.h:39,
                 from /usr/include/c++/4.6/ios:45,
                 from /usr/include/c++/4.6/ostream:40,
                 from /usr/include/c++/4.6/iterator:64,
                 from ../Qt5.2.1/5.2.1/gcc/include/QtCore/qlist.h:49,
                 from ../Qt5.2.1/5.2.1/gcc/include/QtCore/qobject.h:51,
                 from ../Qt5.2.1/5.2.1/gcc/include/QtCore/qabstractanimation.h:45,
                 from ../Qt5.2.1/5.2.1/gcc/include/QtCore/QtCore:4,
                 from ../Qt5.2.1/5.2.1/gcc/include/QtGui/QtGuiDepends:2,
                 from ../Qt5.2.1/5.2.1/gcc/include/QtGui/QtGui:3,
                 from FBApi.h:12,
                 from FBApi.cpp:8:
/usr/include/wctype.h: At global scope:
/usr/include/wctype.h:50:1: error: ‘__BEGIN_NAMESPACE_C99’ does not name a type
/usr/include/wctype.h:54:1: error: ‘__END_NAMESPACE_C99’ does not name a type
/usr/include/wctype.h:103:1: error: ‘__BEGIN_DECLS’ does not name a type
/usr/include/wctype.h:118:35: error: expected initializer before ‘__THROW’
/usr/include/wctype.h:121:35: error: expected initializer before ‘__THROW’
/usr/include/wctype.h:125:35: error: expected initializer before ‘__THROW’
/usr/include/wctype.h:129:35: error: expected initializer before ‘__THROW’
/usr/include/wctype.h:134:35: error: expected initializer before ‘__THROW’
/usr/include/wctype.h:137:35: error: expected initializer before ‘__THROW’
/usr/include/wctype.h:142:35: error: expected initializer before ‘__THROW’
/usr/include/wctype.h:147:35: error: expected initializer before ‘__THROW’
/usr/include/wctype.h:152:35: error: expected initializer before ‘__THROW’
/usr/include/wctype.h:157:36: error: expected initializer before ‘__THROW’
/usr/include/wctype.h:172:8: error: ‘wctype_t’ does not name a type
/usr/include/wctype.h:176:35: error: ‘wctype_t’ has not been declared
/usr/include/wctype.h:176:52: error: expected initializer before ‘__THROW’
/usr/include/wctype.h:177:1: error: ‘__END_NAMESPACE_C99’ does not name a type
/usr/include/wctype.h:188:1: error: ‘__END_NAMESPACE_C99’ does not name a type
/usr/include/wctype.h:198:38: error: expected initializer before ‘__THROW’
/usr/include/wctype.h:199:1: error: ‘__END_NAMESPACE_C99’ does not name a type
/usr/include/wctype.h:222:39: error: ‘wctrans_t’ has not been declared
/usr/include/wctype.h:222:57: error: expected initializer before ‘__THROW’
/usr/include/wctype.h:223:1: error: ‘__END_NAMESPACE_C99’ does not name a type
In file included from /usr/include/c++/4.6/bits/locale_facets.h:43:0,
                 from /usr/include/c++/4.6/bits/basic_ios.h:39,
                 from /usr/include/c++/4.6/ios:45,
                 from /usr/include/c++/4.6/ostream:40,
                 from /usr/include/c++/4.6/iterator:64,
                 from ../Qt5.2.1/5.2.1/gcc/include/QtCore/qlist.h:49,
                 from ../Qt5.2.1/5.2.1/gcc/include/QtCore/qobject.h:51,
                 from ../Qt5.2.1/5.2.1/gcc/include/QtCore/qabstractanimation.h:45,
                 from ../Qt5.2.1/5.2.1/gcc/include/QtCore/QtCore:4,
                 from ../Qt5.2.1/5.2.1/gcc/include/QtGui/QtGuiDepends:2,
                 from ../Qt5.2.1/5.2.1/gcc/include/QtGui/QtGui:3,
                 from FBApi.h:12,
                 from FBApi.cpp:8:
/usr/include/c++/4.6/i686-linux-gnu/./bits/ctype_base.h:50:35: error: ‘_ISupper’ was not declared in this scope
/usr/include/c++/4.6/i686-linux-gnu/./bits/ctype_base.h:51:32: error: ‘_ISlower’ was not declared in this scope
/usr/include/c++/4.6/i686-linux-gnu/./bits/ctype_base.h:52:32: error: ‘_ISalpha’ was not declared in this scope
/usr/include/c++/4.6/i686-linux-gnu/./bits/ctype_base.h:53:32: error: ‘_ISdigit’ was not declared in this scope
/usr/include/c++/4.6/i686-linux-gnu/./bits/ctype_base.h:54:33: error: ‘_ISxdigit’ was not declared in this scope
/usr/include/c++/4.6/i686-linux-gnu/./bits/ctype_base.h:55:32: error: ‘_ISspace’ was not declared in this scope
/usr/include/c++/4.6/i686-linux-gnu/./bits/ctype_base.h:56:32: error: ‘_ISprint’ was not declared in this scope
/usr/include/c++/4.6/i686-linux-gnu/./bits/ctype_base.h:57:32: error: ‘_ISalpha’ was not declared in this scope
/usr/include/c++/4.6/i686-linux-gnu/./bits/ctype_base.h:57:43: error: ‘_ISdigit’ was not declared in this scope
/usr/include/c++/4.6/i686-linux-gnu/./bits/ctype_base.h:57:54: error: ‘_ISpunct’ was not declared in this scope
/usr/include/c++/4.6/i686-linux-gnu/./bits/ctype_base.h:58:32: error: ‘_IScntrl’ was not declared in this scope
/usr/include/c++/4.6/i686-linux-gnu/./bits/ctype_base.h:59:32: error: ‘_ISpunct’ was not declared in this scope
/usr/include/c++/4.6/i686-linux-gnu/./bits/ctype_base.h:60:32: error: ‘_ISalpha’ was not declared in this scope
/usr/include/c++/4.6/i686-linux-gnu/./bits/ctype_base.h:60:43: error: ‘_ISdigit’ was not declared in this scope
In file included from /usr/include/c++/4.6/bits/basic_ios.h:39:0,
                 from /usr/include/c++/4.6/ios:45,
                 from /usr/include/c++/4.6/ostream:40,
                 from /usr/include/c++/4.6/iterator:64,
                 from ../Qt5.2.1/5.2.1/gcc/include/QtCore/qlist.h:49,
                 from ../Qt5.2.1/5.2.1/gcc/include/QtCore/qobject.h:51,
                 from ../Qt5.2.1/5.2.1/gcc/include/QtCore/qabstractanimation.h:45,
                 from ../Qt5.2.1/5.2.1/gcc/include/QtCore/QtCore:4,
                 from ../Qt5.2.1/5.2.1/gcc/include/QtGui/QtGuiDepends:2,
                 from ../Qt5.2.1/5.2.1/gcc/include/QtGui/QtGui:3,
                 from FBApi.h:12,
                 from FBApi.cpp:8:
/usr/include/c++/4.6/bits/locale_facets.h:69:12: error: ‘__c_locale’ does not name a type
/usr/include/c++/4.6/bits/locale_facets.h:75:12: error: ‘__c_locale’ does not name a type
/usr/include/c++/4.6/bits/locale_facets.h:80:12: error: ‘__c_locale’ does not name a type
/usr/include/c++/4.6/bits/locale_facets.h:85:12: error: ‘__c_locale’ does not name a type
/usr/include/c++/4.6/bits/locale_facets.h:684:7: error: ‘__c_locale’ does not name a type
/usr/include/c++/4.6/bits/locale_facets.h:725:24: error: expected ‘)’ before ‘__cloc’
/usr/include/c++/4.6/bits/locale_facets.h:1182:15: error: ‘wctype_t’ does not name a type
/usr/include/c++/4.6/bits/locale_facets.h:1185:7: error: ‘__c_locale’ does not name a type
/usr/include/c++/4.6/bits/locale_facets.h:1194:7: error: ‘__wmask_type’ does not name a type
/usr/include/c++/4.6/bits/locale_facets.h:1220:24: error: expected ‘)’ before ‘__cloc’
/usr/include/c++/4.6/bits/locale_facets.h:1223:7: error: ‘__wmask_type’ does not name a type
In file included from /usr/include/c++/4.6/bits/basic_ios.h:39:0,
                 from /usr/include/c++/4.6/ios:45,
                 from /usr/include/c++/4.6/ostream:40,
                 from /usr/include/c++/4.6/iterator:64,
                 from ../Qt5.2.1/5.2.1/gcc/include/QtCore/qlist.h:49,
                 from ../Qt5.2.1/5.2.1/gcc/include/QtCore/qobject.h:51,
                 from ../Qt5.2.1/5.2.1/gcc/include/QtCore/qabstractanimation.h:45,
                 from ../Qt5.2.1/5.2.1/gcc/include/QtCore/QtCore:4,
                 from ../Qt5.2.1/5.2.1/gcc/include/QtGui/QtGuiDepends:2,
                 from ../Qt5.2.1/5.2.1/gcc/include/QtGui/QtGui:3,
                 from FBApi.h:12,
                 from FBApi.cpp:8:
/usr/include/c++/4.6/bits/locale_facets.h:1694:27: error: expected ‘)’ before ‘__cloc’
/usr/include/c++/4.6/bits/locale_facets.h:1851:30: error: ‘__c_locale’ has not been declared
/usr/include/c++/4.6/bits/locale_facets.h:1862:44: error: variable or field ‘_M_initialize_numpunct’ declared void
/usr/include/c++/4.6/bits/locale_facets.h:1862:44: error: ‘__c_locale’ was not declared in this scope
/usr/include/c++/4.6/bits/locale_facets.h:1870:47: error: variable or field ‘_M_initialize_numpunct’ declared void
/usr/include/c++/4.6/bits/locale_facets.h:1870:47: error: ‘__c_locale’ was not declared in this scope
/usr/include/c++/4.6/bits/locale_facets.h: In constructor ‘std::numpunct_byname<_CharT>::numpunct_byname(const char*, std::size_t)’:
/usr/include/c++/4.6/bits/locale_facets.h:1888:6: error: ‘__c_locale’ was not declared in this scope
/usr/include/c++/4.6/bits/locale_facets.h:1888:17: error: expected ‘;’ before ‘__tmp’
/usr/include/c++/4.6/bits/locale_facets.h:1889:31: error: ‘__tmp’ was not declared in this scope
In file included from /usr/include/c++/4.6/bits/locale_facets.h:2608:0,
                 from /usr/include/c++/4.6/bits/basic_ios.h:39,
                 from /usr/include/c++/4.6/ios:45,
                 from /usr/include/c++/4.6/ostream:40,
                 from /usr/include/c++/4.6/iterator:64,
                 from ../Qt5.2.1/5.2.1/gcc/include/QtCore/qlist.h:49,
                 from ../Qt5.2.1/5.2.1/gcc/include/QtCore/qobject.h:51,
                 from ../Qt5.2.1/5.2.1/gcc/include/QtCore/qabstractanimation.h:45,
                 from ../Qt5.2.1/5.2.1/gcc/include/QtCore/QtCore:4,
                 from ../Qt5.2.1/5.2.1/gcc/include/QtGui/QtGuiDepends:2,
                 from ../Qt5.2.1/5.2.1/gcc/include/QtGui/QtGui:3,
                 from FBApi.h:12,
                 from FBApi.cpp:8:
/usr/include/c++/4.6/bits/locale_facets.tcc: In member function ‘virtual _InIter std::num_get<_CharT, _InIter>::do_get(std::num_get<_CharT, _InIter>::iter_type, std::num_get<_CharT, _InIter>::iter_type, std::ios_base&, std::ios_base::iostate&, float&) const’:
/usr/include/c++/4.6/bits/locale_facets.tcc:694:71: error: there are no arguments to ‘_S_get_c_locale’ that depend on a template parameter, so a declaration of ‘_S_get_c_locale’ must be available [-fpermissive]
/usr/include/c++/4.6/bits/locale_facets.tcc: In member function ‘virtual _InIter std::num_get<_CharT, _InIter>::do_get(std::num_get<_CharT, _InIter>::iter_type, std::num_get<_CharT, _InIter>::iter_type, std::ios_base&, std::ios_base::iostate&, double&) const’:
/usr/include/c++/4.6/bits/locale_facets.tcc:709:71: error: there are no arguments to ‘_S_get_c_locale’ that depend on a template parameter, so a declaration of ‘_S_get_c_locale’ must be available [-fpermissive]
/usr/include/c++/4.6/bits/locale_facets.tcc: In member function ‘virtual _InIter std::num_get<_CharT, _InIter>::do_get(std::num_get<_CharT, _InIter>::iter_type, std::num_get<_CharT, _InIter>::iter_type, std::ios_base&, std::ios_base::iostate&, long double&) const’:
/usr/include/c++/4.6/bits/locale_facets.tcc:741:71: error: there are no arguments to ‘_S_get_c_locale’ that depend on a template parameter, so a declaration of ‘_S_get_c_locale’ must be available [-fpermissive]
/usr/include/c++/4.6/bits/locale_facets.tcc: In member function ‘_OutIter std::num_put<_CharT, _OutIter>::_M_insert_float(_OutIter, std::ios_base&, _CharT, char, _ValueT) const’:
/usr/include/c++/4.6/bits/locale_facets.tcc:997:48: error: there are no arguments to ‘_S_get_c_locale’ that depend on a template parameter, so a declaration of ‘_S_get_c_locale’ must be available [-fpermissive]
/usr/include/c++/4.6/bits/locale_facets.tcc:1005:52: error: there are no arguments to ‘_S_get_c_locale’ that depend on a template parameter, so a declaration of ‘_S_get_c_locale’ must be available [-fpermissive]
In file included from ../Qt5.2.1/5.2.1/gcc/include/QtCore/qobject.h:51:0,
                 from ../Qt5.2.1/5.2.1/gcc/include/QtCore/qabstractanimation.h:45,
                 from ../Qt5.2.1/5.2.1/gcc/include/QtCore/QtCore:4,
                 from ../Qt5.2.1/5.2.1/gcc/include/QtGui/QtGuiDepends:2,
                 from ../Qt5.2.1/5.2.1/gcc/include/QtGui/QtGui:3,
                 from FBApi.h:12,
                 from FBApi.cpp:8:
../Qt5.2.1/5.2.1/gcc/include/QtCore/qlist.h: In member function ‘void QList<T>::node_construct(QList<T>::Node*, const T&)’:
../Qt5.2.1/5.2.1/gcc/include/QtCore/qlist.h:375:10: error: ‘::memcpy’ has not been declared
In file included from ../Qt5.2.1/5.2.1/gcc/include/QtCore/qobject.h:55:0,
                 from ../Qt5.2.1/5.2.1/gcc/include/QtCore/qabstractanimation.h:45,
                 from ../Qt5.2.1/5.2.1/gcc/include/QtCore/QtCore:4,
                 from ../Qt5.2.1/5.2.1/gcc/include/QtGui/QtGuiDepends:2,
                 from ../Qt5.2.1/5.2.1/gcc/include/QtGui/QtGui:3,
                 from FBApi.h:12,
                 from FBApi.cpp:8:
../Qt5.2.1/5.2.1/gcc/include/QtCore/qscopedpointer.h: In static member function ‘static void QScopedPointerPodDeleter::cleanup(void*)’:
../Qt5.2.1/5.2.1/gcc/include/QtCore/qscopedpointer.h:83:74: error: ‘free’ was not declared in this scope
In file included from ../Qt5.2.1/5.2.1/gcc/include/QtCore/qmetatype.h:48:0,
                 from ../Qt5.2.1/5.2.1/gcc/include/QtCore/qobject.h:56,
                 from ../Qt5.2.1/5.2.1/gcc/include/QtCore/qabstractanimation.h:45,
                 from ../Qt5.2.1/5.2.1/gcc/include/QtCore/QtCore:4,
                 from ../Qt5.2.1/5.2.1/gcc/include/QtGui/QtGuiDepends:2,
                 from ../Qt5.2.1/5.2.1/gcc/include/QtGui/QtGui:3,
                 from FBApi.h:12,
                 from FBApi.cpp:8:
../Qt5.2.1/5.2.1/gcc/include/QtCore/qvarlengtharray.h: In constructor ‘QVarLengthArray<T, Prealloc>::QVarLengthArray(int)’:
../Qt5.2.1/5.2.1/gcc/include/QtCore/qvarlengtharray.h:209:57: error: there are no arguments to ‘malloc’ that depend on a template parameter, so a declaration of ‘malloc’ must be available [-fpermissive]
../Qt5.2.1/5.2.1/gcc/include/QtCore/qvarlengtharray.h: In member function ‘void QVarLengthArray<T, Prealloc>::realloc(int, int)’:
../Qt5.2.1/5.2.1/gcc/include/QtCore/qvarlengtharray.h:267:72: error: there are no arguments to ‘malloc’ that depend on a template parameter, so a declaration of ‘malloc’ must be available [-fpermissive]
In file included from ../Qt5.2.1/5.2.1/gcc/include/QtCore/qobject.h:56:0,
                 from ../Qt5.2.1/5.2.1/gcc/include/QtCore/qabstractanimation.h:45,
                 from ../Qt5.2.1/5.2.1/gcc/include/QtCore/QtCore:4,
                 from ../Qt5.2.1/5.2.1/gcc/include/QtGui/QtGuiDepends:2,
                 from ../Qt5.2.1/5.2.1/gcc/include/QtGui/QtGui:3,
                 from FBApi.h:12,
                 from FBApi.cpp:8:
../Qt5.2.1/5.2.1/gcc/include/QtCore/qmetatype.h: In static member function ‘static int QMetaTypeIdQObject<T*, true>::qt_metatype_id()’:
../Qt5.2.1/5.2.1/gcc/include/QtCore/qmetatype.h:1674:42: error: there are no arguments to ‘strlen’ that depend on a template parameter, so a declaration of ‘strlen’ must be available [-fpermissive]
../Qt5.2.1/5.2.1/gcc/include/QtCore/qmetatype.h: In static member function ‘static int QtPrivate::SharedPointerMetaTypeIdHelper<QSharedPointer<T>, true>::qt_metatype_id()’:
../Qt5.2.1/5.2.1/gcc/include/QtCore/qmetatype.h:1938:1: error: there are no arguments to ‘strlen’ that depend on a template parameter, so a declaration of ‘strlen’ must be available [-fpermissive]
../Qt5.2.1/5.2.1/gcc/include/QtCore/qmetatype.h: In static member function ‘static int QtPrivate::SharedPointerMetaTypeIdHelper<QWeakPointer<T>, true>::qt_metatype_id()’:
../Qt5.2.1/5.2.1/gcc/include/QtCore/qmetatype.h:1938:1: error: there are no arguments to ‘strlen’ that depend on a template parameter, so a declaration of ‘strlen’ must be available [-fpermissive]
../Qt5.2.1/5.2.1/gcc/include/QtCore/qmetatype.h: In static member function ‘static int QtPrivate::SharedPointerMetaTypeIdHelper<QPointer<T>, true>::qt_metatype_id()’:
../Qt5.2.1/5.2.1/gcc/include/QtCore/qmetatype.h:1938:1: error: there are no arguments to ‘strlen’ that depend on a template parameter, so a declaration of ‘strlen’ must be available [-fpermissive]
In file included from ../Qt5.2.1/5.2.1/gcc/include/QtCore/qeasingcurve.h:47:0,
                 from ../Qt5.2.1/5.2.1/gcc/include/QtCore/qvariantanimation.h:45,
                 from ../Qt5.2.1/5.2.1/gcc/include/QtCore/qpropertyanimation.h:45,
                 from ../Qt5.2.1/5.2.1/gcc/include/QtCore/QtCore:8,
                 from ../Qt5.2.1/5.2.1/gcc/include/QtGui/QtGuiDepends:2,
                 from ../Qt5.2.1/5.2.1/gcc/include/QtGui/QtGui:3,
                 from FBApi.h:12,
                 from FBApi.cpp:8:
../Qt5.2.1/5.2.1/gcc/include/QtCore/qvector.h: At global scope:
../Qt5.2.1/5.2.1/gcc/include/QtCore/qvector.h:243:67: error: ‘QArrayData::AllocationOptions’ has not been declared
../Qt5.2.1/5.2.1/gcc/include/QtCore/qvector.h:243:95: error: incomplete type ‘QArrayData’ used in nested name specifier
../Qt5.2.1/5.2.1/gcc/include/QtCore/qvector.h: In member function ‘void QVector<T>::defaultConstruct(T*, T*)’:
../Qt5.2.1/5.2.1/gcc/include/QtCore/qvector.h:268:9: error: ‘::memset’ has not been declared
../Qt5.2.1/5.2.1/gcc/include/QtCore/qvector.h: In member function ‘void QVector<T>::copyConstruct(const T*, const T*, T*)’:
../Qt5.2.1/5.2.1/gcc/include/QtCore/qvector.h:283:9: error: ‘::memcpy’ has not been declared
../Qt5.2.1/5.2.1/gcc/include/QtCore/qvector.h: In member function ‘void QVector<T>::resize(int)’:
../Qt5.2.1/5.2.1/gcc/include/QtCore/qvector.h:343:5: error: incomplete type ‘QArrayData’ used in nested name specifier
../Qt5.2.1/5.2.1/gcc/include/QtCore/qvector.h:343:35: error: expected ‘;’ before ‘opt’
../Qt5.2.1/5.2.1/gcc/include/QtCore/qvector.h:347:9: error: ‘opt’ was not declared in this scope
../Qt5.2.1/5.2.1/gcc/include/QtCore/qvector.h:347:15: error: incomplete type ‘QArrayData’ used in nested name specifier
../Qt5.2.1/5.2.1/gcc/include/QtCore/qvector.h:350:9: error: ‘opt’ was not declared in this scope
../Qt5.2.1/5.2.1/gcc/include/QtCore/qvector.h:350:15: error: incomplete type ‘QArrayData’ used in nested name specifier
../Qt5.2.1/5.2.1/gcc/include/QtCore/qvector.h:354:34: error: ‘opt’ was not declared in this scope
../Qt5.2.1/5.2.1/gcc/include/QtCore/qvector.h: At global scope:
../Qt5.2.1/5.2.1/gcc/include/QtCore/qvector.h:457:77: error: ‘QArrayData::AllocationOptions’ has not been declared
../Qt5.2.1/5.2.1/gcc/include/QtCore/qvector.h: In member function ‘void QVector<T>::reallocData(int, int, int)’:
../Qt5.2.1/5.2.1/gcc/include/QtCore/qvector.h:485:21: error: ‘::memcpy’ has not been declared
../Qt5.2.1/5.2.1/gcc/include/QtCore/qvector.h: In member function ‘void QVector<T>::append(const T&)’:
../Qt5.2.1/5.2.1/gcc/include/QtCore/qvector.h:563:9: error: incomplete type ‘QArrayData’ used in nested name specifier
../Qt5.2.1/5.2.1/gcc/include/QtCore/qvector.h:563:39: error: expected ‘;’ before ‘opt’
../Qt5.2.1/5.2.1/gcc/include/QtCore/qvector.h:564:67: error: ‘opt’ was not declared in this scope
../Qt5.2.1/5.2.1/gcc/include/QtCore/qvector.h: In member function ‘QVector<T>::iterator QVector<T>::insert(QVector<T>::iterator, QVector<T>::size_type, const T&)’:
../Qt5.2.1/5.2.1/gcc/include/QtCore/qvector.h:597:47: error: incomplete type ‘QArrayData’ used in nested name specifier
../Qt5.2.1/5.2.1/gcc/include/QtCore/qvector.h: In member function ‘QVector<T>& QVector<T>::operator+=(const QVector<T>&)’:
../Qt5.2.1/5.2.1/gcc/include/QtCore/qvector.h:704:9: error: incomplete type ‘QArrayData’ used in nested name specifier
../Qt5.2.1/5.2.1/gcc/include/QtCore/qvector.h:704:39: error: expected ‘;’ before ‘opt’
../Qt5.2.1/5.2.1/gcc/include/QtCore/qvector.h:705:63: error: ‘opt’ was not declared in this scope
In file included from ../Qt5.2.1/5.2.1/gcc/include/QtCore/qtextstream.h:51:0,
                 from ../Qt5.2.1/5.2.1/gcc/include/QtCore/qdebug.h:50,
                 from ../Qt5.2.1/5.2.1/gcc/include/QtCore/QtCore:28,
                 from ../Qt5.2.1/5.2.1/gcc/include/QtGui/QtGuiDepends:2,
                 from ../Qt5.2.1/5.2.1/gcc/include/QtGui/QtGui:3,
                 from FBApi.h:12,
                 from FBApi.cpp:8:
/usr/include/stdio.h: At global scope:
/usr/include/stdio.h:30:1: error: ‘__BEGIN_DECLS’ does not name a type
In file included from ../Qt5.2.1/5.2.1/gcc/include/QtCore/qtextstream.h:51:0,
                 from ../Qt5.2.1/5.2.1/gcc/include/QtCore/qdebug.h:50,
                 from ../Qt5.2.1/5.2.1/gcc/include/QtCore/QtCore:28,
                 from ../Qt5.2.1/5.2.1/gcc/include/QtGui/QtGuiDepends:2,
                 from ../Qt5.2.1/5.2.1/gcc/include/QtGui/QtGui:3,
                 from FBApi.h:12,
                 from FBApi.cpp:8:
/usr/include/stdio.h:47:1: error: ‘__BEGIN_NAMESPACE_STD’ does not name a type
/usr/include/stdio.h:50:1: error: ‘__END_NAMESPACE_STD’ does not name a type
In file included from /usr/include/libio.h:32:0,
                 from /usr/include/stdio.h:75,
                 from ../Qt5.2.1/5.2.1/gcc/include/QtCore/qtextstream.h:51,
                 from ../Qt5.2.1/5.2.1/gcc/include/QtCore/qdebug.h:50,
                 from ../Qt5.2.1/5.2.1/gcc/include/QtCore/QtCore:28,
                 from ../Qt5.2.1/5.2.1/gcc/include/QtGui/QtGuiDepends:2,
                 from ../Qt5.2.1/5.2.1/gcc/include/QtGui/QtGui:3,
                 from FBApi.h:12,
                 from FBApi.cpp:8:
/usr/include/_G_config.h:26:3: error: ‘_G_fpos_t’ does not name a type
In file included from ../Qt5.2.1/5.2.1/gcc/include/QtCore/qtextstream.h:51:0,
                 from ../Qt5.2.1/5.2.1/gcc/include/QtCore/qdebug.h:50,
                 from ../Qt5.2.1/5.2.1/gcc/include/QtCore/QtCore:28,
                 from ../Qt5.2.1/5.2.1/gcc/include/QtGui/QtGuiDepends:2,
                 from ../Qt5.2.1/5.2.1/gcc/include/QtGui/QtGui:3,
                 from FBApi.h:12,
                 from FBApi.cpp:8:
/usr/include/stdio.h:111:9: error: ‘_G_fpos_t’ does not name a type
In file included from ../Qt5.2.1/5.2.1/gcc/include/QtCore/qtextstream.h:51:0,
                 from ../Qt5.2.1/5.2.1/gcc/include/QtCore/qdebug.h:50,
                 from ../Qt5.2.1/5.2.1/gcc/include/QtCore/QtCore:28,
                 from ../Qt5.2.1/5.2.1/gcc/include/QtGui/QtGuiDepends:2,
                 from ../Qt5.2.1/5.2.1/gcc/include/QtGui/QtGui:3,
                 from FBApi.h:12,
                 from FBApi.cpp:8:
/usr/include/stdio.h:196:8: error: ‘FILE’ does not name a type
/usr/include/stdio.h:238:20: error: ‘FILE’ was not declared in this scope
/usr/include/stdio.h:238:26: error: ‘__stream’ was not declared in this scope
/usr/include/stdio.h:243:20: error: ‘FILE’ was not declared in this scope
/usr/include/stdio.h:243:26: error: ‘__stream’ was not declared in this scope
/usr/include/stdio.h:273:8: error: ‘FILE’ does not name a type
/usr/include/stdio.h:279:8: error: ‘FILE’ does not name a type
/usr/include/stdio.h:333:21: error: variable or field ‘setbuf’ declared void
/usr/include/stdio.h:333:21: error: ‘FILE’ was not declared in this scope
/usr/include/stdio.h:333:27: error: expected primary-expression before ‘__restrict’
/usr/include/stdio.h:333:48: error: expected primary-expression before ‘char’
/usr/include/stdio.h:337:21: error: ‘FILE’ was not declared in this scope
/usr/include/stdio.h:337:27: error: expected primary-expression before ‘__restrict’
/usr/include/stdio.h:337:48: error: expected primary-expression before ‘char’
/usr/include/stdio.h:338:7: error: expected primary-expression before ‘int’
/usr/include/stdio.h:338:27: error: expected primary-expression before ‘__n’
/usr/include/stdio.h:338:30: error: expression list treated as compound expression in initializer [-fpermissive]
/usr/include/stdio.h:357:21: error: ‘FILE’ was not declared in this scope
/usr/include/stdio.h:357:27: error: expected primary-expression before ‘__restrict’
/usr/include/stdio.h:358:7: error: expected primary-expression before ‘__const’
/usr/include/stdio.h:358:42: error: expected primary-expression before ‘...’ token
/usr/include/stdio.h:358:45: error: expression list treated as compound expression in initializer [-fpermissive]
/usr/include/stdio.h:372:22: error: ‘FILE’ was not declared in this scope
/usr/include/stdio.h:372:28: error: expected primary-expression before ‘__restrict’
/usr/include/stdio.h:372:44: error: expected primary-expression before ‘__const’
/usr/include/stdio.h:373:19: error: expected primary-expression before ‘__arg’
/usr/include/stdio.h:373:24: error: expression list treated as compound expression in initializer [-fpermissive]
/usr/include/stdio.h:431:20: error: ‘FILE’ was not declared in this scope
/usr/include/stdio.h:431:26: error: expected primary-expression before ‘__restrict’
/usr/include/stdio.h:432:6: error: expected primary-expression before ‘__const’
/usr/include/stdio.h:432:41: error: expected primary-expression before ‘...’ token
/usr/include/stdio.h:432:44: error: expression list treated as compound expression in initializer [-fpermissive]
/usr/include/stdio.h:537:19: error: ‘FILE’ was not declared in this scope
/usr/include/stdio.h:537:25: error: ‘__stream’ was not declared in this scope
/usr/include/stdio.h:538:18: error: ‘FILE’ was not declared in this scope
/usr/include/stdio.h:538:24: error: ‘__stream’ was not declared in this scope
/usr/include/stdio.h:579:28: error: ‘FILE’ has not been declared
/usr/include/stdio.h:580:27: error: ‘FILE’ has not been declared
/usr/include/stdio.h:628:52: error: ‘FILE’ has not been declared
/usr/include/stdio.h:686:49: error: ‘FILE’ has not been declared
/usr/include/stdio.h:699:29: error: ‘FILE’ has not been declared
/usr/include/stdio.h:707:20: error: ‘FILE’ has not been declared
/usr/include/stdio.h:713:21: error: ‘FILE’ has not been declared
/usr/include/stdio.h:746:19: error: ‘FILE’ was not declared in this scope
/usr/include/stdio.h:746:25: error: ‘__stream’ was not declared in this scope
/usr/include/stdio.h:746:35: error: expected primary-expression before ‘long’
/usr/include/stdio.h:746:51: error: expected primary-expression before ‘int’
/usr/include/stdio.h:746:63: error: expression list treated as compound expression in initializer [-fpermissive]
/usr/include/stdio.h:751:24: error: ‘FILE’ was not declared in this scope
/usr/include/stdio.h:751:30: error: ‘__stream’ was not declared in this scope
/usr/include/stdio.h:756:21: error: variable or field ‘rewind’ declared void
/usr/include/stdio.h:756:21: error: ‘FILE’ was not declared in this scope
/usr/include/stdio.h:756:27: error: ‘__stream’ was not declared in this scope
/usr/include/stdio.h:795:21: error: ‘FILE’ was not declared in this scope
/usr/include/stdio.h:795:27: error: expected primary-expression before ‘__restrict’
/usr/include/stdio.h:795:48: error: ‘fpos_t’ was not declared in this scope
/usr/include/stdio.h:795:56: error: expected primary-expression before ‘__restrict’
/usr/include/stdio.h:795:72: error: expression list treated as compound expression in initializer [-fpermissive]
/usr/include/stdio.h:800:21: error: ‘FILE’ was not declared in this scope
/usr/include/stdio.h:800:27: error: ‘__stream’ was not declared in this scope
/usr/include/stdio.h:800:37: error: expected primary-expression before ‘__const’
/usr/include/stdio.h:800:58: error: expression list treated as compound expression in initializer [-fpermissive]
/usr/include/stdio.h:823:23: error: variable or field ‘clearerr’ declared void
/usr/include/stdio.h:823:23: error: ‘FILE’ was not declared in this scope
/usr/include/stdio.h:823:29: error: ‘__stream’ was not declared in this scope
/usr/include/stdio.h:825:18: error: ‘FILE’ was not declared in this scope
/usr/include/stdio.h:825:24: error: ‘__stream’ was not declared in this scope
/usr/include/stdio.h:827:20: error: ‘FILE’ was not declared in this scope
/usr/include/stdio.h:827:26: error: ‘__stream’ was not declared in this scope
In file included from ../Qt5.2.1/5.2.1/gcc/include/QtCore/qtextstream.h:51:0,
                 from ../Qt5.2.1/5.2.1/gcc/include/QtCore/qdebug.h:50,
                 from ../Qt5.2.1/5.2.1/gcc/include/QtCore/QtCore:28,
                 from ../Qt5.2.1/5.2.1/gcc/include/QtGui/QtGuiDepends:2,
                 from ../Qt5.2.1/5.2.1/gcc/include/QtGui/QtGui:3,
                 from FBApi.h:12,
                 from FBApi.cpp:8:
/usr/include/stdio.h:940:1: error: expected declaration before ‘}’ token
In file included from ../Qt5.2.1/5.2.1/gcc/include/QtCore/qobject.h:51:0,
                 from ../Qt5.2.1/5.2.1/gcc/include/QtCore/qabstractanimation.h:45,
                 from ../Qt5.2.1/5.2.1/gcc/include/QtCore/QtCore:4,
                 from ../Qt5.2.1/5.2.1/gcc/include/QtGui/QtGuiDepends:2,
                 from ../Qt5.2.1/5.2.1/gcc/include/QtGui/QtGui:3,
                 from FBApi.h:12,
                 from FBApi.cpp:8:
../Qt5.2.1/5.2.1/gcc/include/QtCore/qlist.h: In member function ‘void QList<T>::node_copy(QList<T>::Node*, QList<T>::Node*, QList<T>::Node*) [with T = QString]’:
../Qt5.2.1/5.2.1/gcc/include/QtCore/qlist.h:739:13:   instantiated from ‘QList<T>::QList(const QList<T>&) [with T = QString]’
../Qt5.2.1/5.2.1/gcc/include/QtCore/qstringlist.h:66:64:   instantiated from here
../Qt5.2.1/5.2.1/gcc/include/QtCore/qlist.h:417:13: error: ‘memcpy’ was not declared in this scope
../Qt5.2.1/5.2.1/gcc/include/QtCore/qlist.h: In member function ‘void QList<T>::node_copy(QList<T>::Node*, QList<T>::Node*, QList<T>::Node*) [with T = QVariant]’:
../Qt5.2.1/5.2.1/gcc/include/QtCore/qlist.h:739:13:   instantiated from ‘QList<T>::QList(const QList<T>&) [with T = QVariant]’
../Qt5.2.1/5.2.1/gcc/include/QtCore/qvariant.h:744:24:   instantiated from here
../Qt5.2.1/5.2.1/gcc/include/QtCore/qlist.h:417:13: error: ‘memcpy’ was not declared in this scope
make: *** [FBApi.o] Error 1
